Analysis & Synthesis report for ff_toplevel
Thu Sep 28 10:50:55 2023
Quartus Prime Version 22.1std.1 Build 917 02/14/2023 SC Lite Edition


---------------------
; Table of Contents ;
---------------------
  1. Legal Notice
  2. Analysis & Synthesis Summary
  3. Analysis & Synthesis Settings
  4. Parallel Compilation
  5. Analysis & Synthesis Source Files Read
  6. Analysis & Synthesis Resource Usage Summary
  7. Analysis & Synthesis Resource Utilization by Entity
  8. Logic Cells Representing Combinational Loops
  9. General Register Statistics
 10. Parameter Settings for User Entity Instance: debouncer:module1
 11. Port Connectivity Checks: "jk_ff:module3|d_ff:module1|d_latch:primary"
 12. Post-Synthesis Netlist Statistics for Top Partition
 13. Elapsed Time Per Partition
 14. Analysis & Synthesis Messages



----------------
; Legal Notice ;
----------------
Copyright (C) 2023  Intel Corporation. All rights reserved.
Your use of Intel Corporation's design tools, logic functions 
and other software and tools, and any partner logic 
functions, and any output files from any of the foregoing 
(including device programming or simulation files), and any 
associated documentation or information are expressly subject 
to the terms and conditions of the Intel Program License 
Subscription Agreement, the Intel Quartus Prime License Agreement,
the Intel FPGA IP License Agreement, or other applicable license
agreement, including, without limitation, that your use is for
the sole purpose of programming logic devices manufactured by
Intel and sold by Intel or its authorized distributors.  Please
refer to the applicable agreement for further details, at
https://fpgasoftware.intel.com/eula.



+-------------------------------------------------------------------------------------+
; Analysis & Synthesis Summary                                                        ;
+------------------------------------+------------------------------------------------+
; Analysis & Synthesis Status        ; Successful - Thu Sep 28 10:50:55 2023          ;
; Quartus Prime Version              ; 22.1std.1 Build 917 02/14/2023 SC Lite Edition ;
; Revision Name                      ; ff_toplevel                                    ;
; Top-level Entity Name              ; ff_toplevel                                    ;
; Family                             ; MAX 10                                         ;
; Total logic elements               ; 26                                             ;
;     Total combinational functions  ; 26                                             ;
;     Dedicated logic registers      ; 17                                             ;
; Total registers                    ; 17                                             ;
; Total pins                         ; 6                                              ;
; Total virtual pins                 ; 0                                              ;
; Total memory bits                  ; 0                                              ;
; Embedded Multiplier 9-bit elements ; 0                                              ;
; Total PLLs                         ; 0                                              ;
; UFM blocks                         ; 0                                              ;
; ADC blocks                         ; 0                                              ;
+------------------------------------+------------------------------------------------+


+------------------------------------------------------------------------------------------------------------+
; Analysis & Synthesis Settings                                                                              ;
+------------------------------------------------------------------+--------------------+--------------------+
; Option                                                           ; Setting            ; Default Value      ;
+------------------------------------------------------------------+--------------------+--------------------+
; Device                                                           ; 10M50DAF484C7G     ;                    ;
; Top-level entity name                                            ; ff_toplevel        ; ff_toplevel        ;
; Family name                                                      ; MAX 10             ; Cyclone V          ;
; Use smart compilation                                            ; Off                ; Off                ;
; Enable parallel Assembler and Timing Analyzer during compilation ; On                 ; On                 ;
; Enable compact report table                                      ; Off                ; Off                ;
; Restructure Multiplexers                                         ; Auto               ; Auto               ;
; Create Debugging Nodes for IP Cores                              ; Off                ; Off                ;
; Preserve fewer node names                                        ; On                 ; On                 ;
; Intel FPGA IP Evaluation Mode                                    ; Enable             ; Enable             ;
; Verilog Version                                                  ; Verilog_2001       ; Verilog_2001       ;
; VHDL Version                                                     ; VHDL_1993          ; VHDL_1993          ;
; State Machine Processing                                         ; Auto               ; Auto               ;
; Safe State Machine                                               ; Off                ; Off                ;
; Extract Verilog State Machines                                   ; On                 ; On                 ;
; Extract VHDL State Machines                                      ; On                 ; On                 ;
; Ignore Verilog initial constructs                                ; Off                ; Off                ;
; Iteration limit for constant Verilog loops                       ; 5000               ; 5000               ;
; Iteration limit for non-constant Verilog loops                   ; 250                ; 250                ;
; Add Pass-Through Logic to Inferred RAMs                          ; On                 ; On                 ;
; Infer RAMs from Raw Logic                                        ; On                 ; On                 ;
; Parallel Synthesis                                               ; On                 ; On                 ;
; DSP Block Balancing                                              ; Auto               ; Auto               ;
; NOT Gate Push-Back                                               ; On                 ; On                 ;
; Power-Up Don't Care                                              ; On                 ; On                 ;
; Remove Redundant Logic Cells                                     ; Off                ; Off                ;
; Remove Duplicate Registers                                       ; On                 ; On                 ;
; Ignore CARRY Buffers                                             ; Off                ; Off                ;
; Ignore CASCADE Buffers                                           ; Off                ; Off                ;
; Ignore GLOBAL Buffers                                            ; Off                ; Off                ;
; Ignore ROW GLOBAL Buffers                                        ; Off                ; Off                ;
; Ignore LCELL Buffers                                             ; Off                ; Off                ;
; Ignore SOFT Buffers                                              ; On                 ; On                 ;
; Limit AHDL Integers to 32 Bits                                   ; Off                ; Off                ;
; Optimization Technique                                           ; Balanced           ; Balanced           ;
; Carry Chain Length                                               ; 70                 ; 70                 ;
; Auto Carry Chains                                                ; On                 ; On                 ;
; Auto Open-Drain Pins                                             ; On                 ; On                 ;
; Perform WYSIWYG Primitive Resynthesis                            ; Off                ; Off                ;
; Auto ROM Replacement                                             ; On                 ; On                 ;
; Auto RAM Replacement                                             ; On                 ; On                 ;
; Auto DSP Block Replacement                                       ; On                 ; On                 ;
; Auto Shift Register Replacement                                  ; Auto               ; Auto               ;
; Allow Shift Register Merging across Hierarchies                  ; Auto               ; Auto               ;
; Auto Clock Enable Replacement                                    ; On                 ; On                 ;
; Strict RAM Replacement                                           ; Off                ; Off                ;
; Allow Synchronous Control Signals                                ; On                 ; On                 ;
; Force Use of Synchronous Clear Signals                           ; Off                ; Off                ;
; Auto RAM Block Balancing                                         ; On                 ; On                 ;
; Auto RAM to Logic Cell Conversion                                ; Off                ; Off                ;
; Auto Resource Sharing                                            ; Off                ; Off                ;
; Allow Any RAM Size For Recognition                               ; Off                ; Off                ;
; Allow Any ROM Size For Recognition                               ; Off                ; Off                ;
; Allow Any Shift Register Size For Recognition                    ; Off                ; Off                ;
; Use LogicLock Constraints during Resource Balancing              ; On                 ; On                 ;
; Ignore translate_off and synthesis_off directives                ; Off                ; Off                ;
; Timing-Driven Synthesis                                          ; On                 ; On                 ;
; Report Parameter Settings                                        ; On                 ; On                 ;
; Report Source Assignments                                        ; On                 ; On                 ;
; Report Connectivity Checks                                       ; On                 ; On                 ;
; Ignore Maximum Fan-Out Assignments                               ; Off                ; Off                ;
; Synchronization Register Chain Length                            ; 2                  ; 2                  ;
; Power Optimization During Synthesis                              ; Normal compilation ; Normal compilation ;
; HDL message level                                                ; Level2             ; Level2             ;
; Suppress Register Optimization Related Messages                  ; Off                ; Off                ;
; Number of Removed Registers Reported in Synthesis Report         ; 5000               ; 5000               ;
; Number of Swept Nodes Reported in Synthesis Report               ; 5000               ; 5000               ;
; Number of Inverted Registers Reported in Synthesis Report        ; 100                ; 100                ;
; Clock MUX Protection                                             ; On                 ; On                 ;
; Auto Gated Clock Conversion                                      ; Off                ; Off                ;
; Block Design Naming                                              ; Auto               ; Auto               ;
; SDC constraint protection                                        ; Off                ; Off                ;
; Synthesis Effort                                                 ; Auto               ; Auto               ;
; Shift Register Replacement - Allow Asynchronous Clear Signal     ; On                 ; On                 ;
; Pre-Mapping Resynthesis Optimization                             ; Off                ; Off                ;
; Analysis & Synthesis Message Level                               ; Medium             ; Medium             ;
; Disable Register Merging Across Hierarchies                      ; Auto               ; Auto               ;
; Resource Aware Inference For Block RAM                           ; On                 ; On                 ;
+------------------------------------------------------------------+--------------------+--------------------+


+------------------------------------------+
; Parallel Compilation                     ;
+----------------------------+-------------+
; Processors                 ; Number      ;
+----------------------------+-------------+
; Number detected on machine ; 12          ;
; Maximum allowed            ; 10          ;
;                            ;             ;
; Average used               ; 1.00        ;
; Maximum used               ; 10          ;
;                            ;             ;
; Usage by Processor         ; % Time Used ;
;     Processor 1            ; 100.0%      ;
;     Processors 2-10        ;   0.0%      ;
+----------------------------+-------------+


+----------------------------------------------------------------------------------------------------------------------------------------------------------------------------------------------------------------------------------------------------------------------------+
; Analysis & Synthesis Source Files Read                                                                                                                                                                                                                                     ;
+----------------------------------+-----------------+------------------------------+------------------------------------------------------------------------------------------------------------------------------------------------------------------------------+---------+
; File Name with User-Entered Path ; Used in Netlist ; File Type                    ; File Name with Absolute Path                                                                                                                                                 ; Library ;
+----------------------------------+-----------------+------------------------------+------------------------------------------------------------------------------------------------------------------------------------------------------------------------------+---------+
; ../L4 SV files/sr_latch.sv       ; yes             ; User SystemVerilog HDL File  ; C:/Users/akujo_2rtofyy/OneDrive - South Dakota State University - SDSU/#SDSU Courses/CSC 244 - Digital Logic/Digital-Logic-CSC244/Lab 4 Flipflops/L4 SV files/sr_latch.sv    ;         ;
; ../L4 SV files/jk_ff.sv          ; yes             ; User SystemVerilog HDL File  ; C:/Users/akujo_2rtofyy/OneDrive - South Dakota State University - SDSU/#SDSU Courses/CSC 244 - Digital Logic/Digital-Logic-CSC244/Lab 4 Flipflops/L4 SV files/jk_ff.sv       ;         ;
; ../L4 SV files/ff_toplevel.sv    ; yes             ; User SystemVerilog HDL File  ; C:/Users/akujo_2rtofyy/OneDrive - South Dakota State University - SDSU/#SDSU Courses/CSC 244 - Digital Logic/Digital-Logic-CSC244/Lab 4 Flipflops/L4 SV files/ff_toplevel.sv ;         ;
; ../L4 SV files/debouncer.sv      ; yes             ; User SystemVerilog HDL File  ; C:/Users/akujo_2rtofyy/OneDrive - South Dakota State University - SDSU/#SDSU Courses/CSC 244 - Digital Logic/Digital-Logic-CSC244/Lab 4 Flipflops/L4 SV files/debouncer.sv   ;         ;
; ../L4 SV files/d_latch.sv        ; yes             ; User SystemVerilog HDL File  ; C:/Users/akujo_2rtofyy/OneDrive - South Dakota State University - SDSU/#SDSU Courses/CSC 244 - Digital Logic/Digital-Logic-CSC244/Lab 4 Flipflops/L4 SV files/d_latch.sv     ;         ;
; ../L4 SV files/d_ff.sv           ; yes             ; User SystemVerilog HDL File  ; C:/Users/akujo_2rtofyy/OneDrive - South Dakota State University - SDSU/#SDSU Courses/CSC 244 - Digital Logic/Digital-Logic-CSC244/Lab 4 Flipflops/L4 SV files/d_ff.sv        ;         ;
+----------------------------------+-----------------+------------------------------+------------------------------------------------------------------------------------------------------------------------------------------------------------------------------+---------+


+--------------------------------------------------------------+
; Analysis & Synthesis Resource Usage Summary                  ;
+---------------------------------------------+----------------+
; Resource                                    ; Usage          ;
+---------------------------------------------+----------------+
; Estimated Total logic elements              ; 26             ;
;                                             ;                ;
; Total combinational functions               ; 26             ;
; Logic element usage by number of LUT inputs ;                ;
;     -- 4 input functions                    ; 5              ;
;     -- 3 input functions                    ; 5              ;
;     -- <=2 input functions                  ; 16             ;
;                                             ;                ;
; Logic elements by mode                      ;                ;
;     -- normal mode                          ; 11             ;
;     -- arithmetic mode                      ; 15             ;
;                                             ;                ;
; Total registers                             ; 17             ;
;     -- Dedicated logic registers            ; 17             ;
;     -- I/O registers                        ; 0              ;
;                                             ;                ;
; I/O pins                                    ; 6              ;
;                                             ;                ;
; Embedded Multiplier 9-bit elements          ; 0              ;
;                                             ;                ;
; Maximum fan-out node                        ; Clock50M~input ;
; Maximum fan-out                             ; 17             ;
; Total fan-out                               ; 124            ;
; Average fan-out                             ; 2.25           ;
+---------------------------------------------+----------------+


+-------------------------------------------------------------------------------------------------------------------------------------------------------------------------------------------------------------------------------------------------------------------------------------------+
; Analysis & Synthesis Resource Utilization by Entity                                                                                                                                                                                                                                       ;
+------------------------------+---------------------+---------------------------+-------------+------------+--------------+---------+-----------+------+--------------+------------+--------------------------------------------------------------------------+-------------+--------------+
; Compilation Hierarchy Node   ; Combinational ALUTs ; Dedicated Logic Registers ; Memory Bits ; UFM Blocks ; DSP Elements ; DSP 9x9 ; DSP 18x18 ; Pins ; Virtual Pins ; ADC blocks ; Full Hierarchy Name                                                      ; Entity Name ; Library Name ;
+------------------------------+---------------------+---------------------------+-------------+------------+--------------+---------+-----------+------+--------------+------------+--------------------------------------------------------------------------+-------------+--------------+
; |ff_toplevel                 ; 26 (0)              ; 17 (0)                    ; 0           ; 0          ; 0            ; 0       ; 0         ; 6    ; 0            ; 0          ; |ff_toplevel                                                             ; ff_toplevel ; work         ;
;    |debouncer:module1|       ; 22 (22)             ; 17 (17)                   ; 0           ; 0          ; 0            ; 0       ; 0         ; 0    ; 0            ; 0          ; |ff_toplevel|debouncer:module1                                           ; debouncer   ; work         ;
;    |jk_ff:module3|           ; 4 (0)               ; 0 (0)                     ; 0           ; 0          ; 0            ; 0       ; 0         ; 0    ; 0            ; 0          ; |ff_toplevel|jk_ff:module3                                               ; jk_ff       ; work         ;
;       |d_ff:module1|         ; 4 (0)               ; 0 (0)                     ; 0           ; 0          ; 0            ; 0       ; 0         ; 0    ; 0            ; 0          ; |ff_toplevel|jk_ff:module3|d_ff:module1                                  ; d_ff        ; work         ;
;          |d_latch:primary|   ; 2 (0)               ; 0 (0)                     ; 0           ; 0          ; 0            ; 0       ; 0         ; 0    ; 0            ; 0          ; |ff_toplevel|jk_ff:module3|d_ff:module1|d_latch:primary                  ; d_latch     ; work         ;
;             |sr_latch:latch| ; 2 (2)               ; 0 (0)                     ; 0           ; 0          ; 0            ; 0       ; 0         ; 0    ; 0            ; 0          ; |ff_toplevel|jk_ff:module3|d_ff:module1|d_latch:primary|sr_latch:latch   ; sr_latch    ; work         ;
;          |d_latch:secondary| ; 2 (0)               ; 0 (0)                     ; 0           ; 0          ; 0            ; 0       ; 0         ; 0    ; 0            ; 0          ; |ff_toplevel|jk_ff:module3|d_ff:module1|d_latch:secondary                ; d_latch     ; work         ;
;             |sr_latch:latch| ; 2 (2)               ; 0 (0)                     ; 0           ; 0          ; 0            ; 0       ; 0         ; 0    ; 0            ; 0          ; |ff_toplevel|jk_ff:module3|d_ff:module1|d_latch:secondary|sr_latch:latch ; sr_latch    ; work         ;
+------------------------------+---------------------+---------------------------+-------------+------------+--------------+---------+-----------+------+--------------+------------+--------------------------------------------------------------------------+-------------+--------------+
Note: For table entries with two numbers listed, the numbers in parentheses indicate the number of resources of the given type used by the specific entity alone. The numbers listed outside of parentheses indicate the total resources of the given type used by the specific entity and all of its sub-entities in the hierarchy.


+---------------------------------------------------------------------+
; Logic Cells Representing Combinational Loops                        ;
+-----------------------------------------------------------------+---+
; Logic Cell Name                                                 ;   ;
+-----------------------------------------------------------------+---+
; jk_ff:module3|d_ff:module1|d_latch:secondary|sr_latch:latch|q~0 ;   ;
; jk_ff:module3|d_ff:module1|d_latch:primary|sr_latch:latch|q~0   ;   ;
; Number of logic cells representing combinational loops          ; 2 ;
+-----------------------------------------------------------------+---+
Note: All cells listed above may not be present at the end of synthesis due to various synthesis optimizations.


+------------------------------------------------------+
; General Register Statistics                          ;
+----------------------------------------------+-------+
; Statistic                                    ; Value ;
+----------------------------------------------+-------+
; Total registers                              ; 17    ;
; Number of registers using Synchronous Clear  ; 16    ;
; Number of registers using Synchronous Load   ; 0     ;
; Number of registers using Asynchronous Clear ; 0     ;
; Number of registers using Asynchronous Load  ; 0     ;
; Number of registers using Clock Enable       ; 0     ;
; Number of registers using Preset             ; 0     ;
+----------------------------------------------+-------+


+----------------------------------------------------------------+
; Parameter Settings for User Entity Instance: debouncer:module1 ;
+----------------+------------------+----------------------------+
; Parameter Name ; Value            ; Type                       ;
+----------------+------------------+----------------------------+
; COMPARE        ; 1100001101010000 ; Unsigned Binary            ;
+----------------+------------------+----------------------------+
Note: In order to hide this table in the UI and the text report file, please set the "Show Parameter Settings in Synthesis Report" option in "Analysis and Synthesis Settings -> More Settings" to "Off".


+-----------------------------------------------------------------------------------------------------------------+
; Port Connectivity Checks: "jk_ff:module3|d_ff:module1|d_latch:primary"                                          ;
+-------+--------+----------+-------------------------------------------------------------------------------------+
; Port  ; Type   ; Severity ; Details                                                                             ;
+-------+--------+----------+-------------------------------------------------------------------------------------+
; q_bar ; Output ; Info     ; Connected to dangling logic. Logic that only feeds a dangling port will be removed. ;
+-------+--------+----------+-------------------------------------------------------------------------------------+


+-----------------------------------------------------+
; Post-Synthesis Netlist Statistics for Top Partition ;
+-----------------------+-----------------------------+
; Type                  ; Count                       ;
+-----------------------+-----------------------------+
; boundary_port         ; 6                           ;
; cycloneiii_ff         ; 17                          ;
;     SCLR              ; 16                          ;
;     plain             ; 1                           ;
; cycloneiii_lcell_comb ; 28                          ;
;     arith             ; 15                          ;
;         2 data inputs ; 15                          ;
;     normal            ; 13                          ;
;         1 data inputs ; 3                           ;
;         3 data inputs ; 5                           ;
;         4 data inputs ; 5                           ;
;                       ;                             ;
; Max LUT depth         ; 4.00                        ;
; Average LUT depth     ; 2.38                        ;
+-----------------------+-----------------------------+


+-------------------------------+
; Elapsed Time Per Partition    ;
+----------------+--------------+
; Partition Name ; Elapsed Time ;
+----------------+--------------+
; Top            ; 00:00:00     ;
+----------------+--------------+


+-------------------------------+
; Analysis & Synthesis Messages ;
+-------------------------------+
Info: *******************************************************************
Info: Running Quartus Prime Analysis & Synthesis
    Info: Version 22.1std.1 Build 917 02/14/2023 SC Lite Edition
    Info: Processing started: Thu Sep 28 10:50:48 2023
Info: Command: quartus_map --read_settings_files=on --write_settings_files=off ff_toplevel -c ff_toplevel
Warning (18236): Number of processors has not been specified which may cause overloading on shared machines.  Set the global assignment NUM_PARALLEL_PROCESSORS in your QSF to an appropriate value for best performance.
Info (20030): Parallel compilation is enabled and will use 10 of the 10 processors detected
Info (12021): Found 1 design units, including 1 entities, in source file /users/akujo_2rtofyy/onedrive - south dakota state university - sdsu/#sdsu courses/csc 244 - digital logic/digital-logic-csc244/lab 4 flipflops/l4 sv files/t_ff.sv
    Info (12023): Found entity 1: t_ff File: C:/Users/akujo_2rtofyy/OneDrive - South Dakota State University - SDSU/#SDSU Courses/CSC 244 - Digital Logic/Digital-Logic-CSC244/Lab 4 Flipflops/L4 SV files/t_ff.sv Line: 1
Info (12021): Found 1 design units, including 1 entities, in source file /users/akujo_2rtofyy/onedrive - south dakota state university - sdsu/#sdsu courses/csc 244 - digital logic/digital-logic-csc244/lab 4 flipflops/l4 sv files/sr_latch.sv
    Info (12023): Found entity 1: sr_latch File: C:/Users/akujo_2rtofyy/OneDrive - South Dakota State University - SDSU/#SDSU Courses/CSC 244 - Digital Logic/Digital-Logic-CSC244/Lab 4 Flipflops/L4 SV files/sr_latch.sv Line: 1
Info (12021): Found 1 design units, including 1 entities, in source file /users/akujo_2rtofyy/onedrive - south dakota state university - sdsu/#sdsu courses/csc 244 - digital logic/digital-logic-csc244/lab 4 flipflops/l4 sv files/jk_ff.sv
    Info (12023): Found entity 1: jk_ff File: C:/Users/akujo_2rtofyy/OneDrive - South Dakota State University - SDSU/#SDSU Courses/CSC 244 - Digital Logic/Digital-Logic-CSC244/Lab 4 Flipflops/L4 SV files/jk_ff.sv Line: 1
Info (12021): Found 1 design units, including 1 entities, in source file /users/akujo_2rtofyy/onedrive - south dakota state university - sdsu/#sdsu courses/csc 244 - digital logic/digital-logic-csc244/lab 4 flipflops/l4 sv files/ff_toplevel.sv
    Info (12023): Found entity 1: ff_toplevel File: C:/Users/akujo_2rtofyy/OneDrive - South Dakota State University - SDSU/#SDSU Courses/CSC 244 - Digital Logic/Digital-Logic-CSC244/Lab 4 Flipflops/L4 SV files/ff_toplevel.sv Line: 1
Info (12021): Found 1 design units, including 1 entities, in source file /users/akujo_2rtofyy/onedrive - south dakota state university - sdsu/#sdsu courses/csc 244 - digital logic/digital-logic-csc244/lab 4 flipflops/l4 sv files/debouncer.sv
    Info (12023): Found entity 1: debouncer File: C:/Users/akujo_2rtofyy/OneDrive - South Dakota State University - SDSU/#SDSU Courses/CSC 244 - Digital Logic/Digital-Logic-CSC244/Lab 4 Flipflops/L4 SV files/debouncer.sv Line: 15
Info (12021): Found 1 design units, including 1 entities, in source file /users/akujo_2rtofyy/onedrive - south dakota state university - sdsu/#sdsu courses/csc 244 - digital logic/digital-logic-csc244/lab 4 flipflops/l4 sv files/d_latch.sv
    Info (12023): Found entity 1: d_latch File: C:/Users/akujo_2rtofyy/OneDrive - South Dakota State University - SDSU/#SDSU Courses/CSC 244 - Digital Logic/Digital-Logic-CSC244/Lab 4 Flipflops/L4 SV files/d_latch.sv Line: 1
Info (12021): Found 1 design units, including 1 entities, in source file /users/akujo_2rtofyy/onedrive - south dakota state university - sdsu/#sdsu courses/csc 244 - digital logic/digital-logic-csc244/lab 4 flipflops/l4 sv files/d_ff.sv
    Info (12023): Found entity 1: d_ff File: C:/Users/akujo_2rtofyy/OneDrive - South Dakota State University - SDSU/#SDSU Courses/CSC 244 - Digital Logic/Digital-Logic-CSC244/Lab 4 Flipflops/L4 SV files/d_ff.sv Line: 1
Info (12127): Elaborating entity "ff_toplevel" for the top level hierarchy
Info (12128): Elaborating entity "debouncer" for hierarchy "debouncer:module1" File: C:/Users/akujo_2rtofyy/OneDrive - South Dakota State University - SDSU/#SDSU Courses/CSC 244 - Digital Logic/Digital-Logic-CSC244/Lab 4 Flipflops/L4 SV files/ff_toplevel.sv Line: 17
Info (12128): Elaborating entity "jk_ff" for hierarchy "jk_ff:module3" File: C:/Users/akujo_2rtofyy/OneDrive - South Dakota State University - SDSU/#SDSU Courses/CSC 244 - Digital Logic/Digital-Logic-CSC244/Lab 4 Flipflops/L4 SV files/ff_toplevel.sv Line: 33
Info (12128): Elaborating entity "d_ff" for hierarchy "jk_ff:module3|d_ff:module1" File: C:/Users/akujo_2rtofyy/OneDrive - South Dakota State University - SDSU/#SDSU Courses/CSC 244 - Digital Logic/Digital-Logic-CSC244/Lab 4 Flipflops/L4 SV files/jk_ff.sv Line: 23
Info (12128): Elaborating entity "d_latch" for hierarchy "jk_ff:module3|d_ff:module1|d_latch:primary" File: C:/Users/akujo_2rtofyy/OneDrive - South Dakota State University - SDSU/#SDSU Courses/CSC 244 - Digital Logic/Digital-Logic-CSC244/Lab 4 Flipflops/L4 SV files/d_ff.sv Line: 16
Info (12128): Elaborating entity "sr_latch" for hierarchy "jk_ff:module3|d_ff:module1|d_latch:primary|sr_latch:latch" File: C:/Users/akujo_2rtofyy/OneDrive - South Dakota State University - SDSU/#SDSU Courses/CSC 244 - Digital Logic/Digital-Logic-CSC244/Lab 4 Flipflops/L4 SV files/d_latch.sv Line: 19
Info (286030): Timing-Driven Synthesis is running
Info (16010): Generating hard_block partition "hard_block:auto_generated_inst"
    Info (16011): Adding 0 node(s), including 0 DDIO, 0 PLL, 0 transceiver and 0 LCELL
Info (21057): Implemented 32 device resources after synthesis - the final resource count might be different
    Info (21058): Implemented 4 input pins
    Info (21059): Implemented 2 output pins
    Info (21061): Implemented 26 logic cells
Info: Quartus Prime Analysis & Synthesis was successful. 0 errors, 1 warning
    Info: Peak virtual memory: 4830 megabytes
    Info: Processing ended: Thu Sep 28 10:50:55 2023
    Info: Elapsed time: 00:00:07
    Info: Total CPU time (on all processors): 00:00:05


