Analysis & Synthesis report for L6AddSub
Thu Oct 19 10:37:51 2023
Quartus Prime Version 22.1std.1 Build 917 02/14/2023 SC Lite Edition


---------------------
; Table of Contents ;
---------------------
  1. Legal Notice
  2. Analysis & Synthesis Summary
  3. Analysis & Synthesis Settings
  4. Parallel Compilation
  5. Analysis & Synthesis Source Files Read
  6. Analysis & Synthesis Resource Usage Summary
  7. Analysis & Synthesis Resource Utilization by Entity
  8. General Register Statistics
  9. Port Connectivity Checks: "addsub4:addsub_module"
 10. Port Connectivity Checks: "decimal7decoder:decodeB"
 11. Port Connectivity Checks: "decimal7decoder:decodeA"
 12. Post-Synthesis Netlist Statistics for Top Partition
 13. Elapsed Time Per Partition
 14. Analysis & Synthesis Messages



----------------
; Legal Notice ;
----------------
Copyright (C) 2023  Intel Corporation. All rights reserved.
Your use of Intel Corporation's design tools, logic functions 
and other software and tools, and any partner logic 
functions, and any output files from any of the foregoing 
(including device programming or simulation files), and any 
associated documentation or information are expressly subject 
to the terms and conditions of the Intel Program License 
Subscription Agreement, the Intel Quartus Prime License Agreement,
the Intel FPGA IP License Agreement, or other applicable license
agreement, including, without limitation, that your use is for
the sole purpose of programming logic devices manufactured by
Intel and sold by Intel or its authorized distributors.  Please
refer to the applicable agreement for further details, at
https://fpgasoftware.intel.com/eula.



+-------------------------------------------------------------------------------------+
; Analysis & Synthesis Summary                                                        ;
+------------------------------------+------------------------------------------------+
; Analysis & Synthesis Status        ; Successful - Thu Oct 19 10:37:51 2023          ;
; Quartus Prime Version              ; 22.1std.1 Build 917 02/14/2023 SC Lite Edition ;
; Revision Name                      ; L6AddSub                                       ;
; Top-level Entity Name              ; L6AddSub                                       ;
; Family                             ; MAX 10                                         ;
; Total logic elements               ; 29                                             ;
;     Total combinational functions  ; 29                                             ;
;     Dedicated logic registers      ; 0                                              ;
; Total registers                    ; 0                                              ;
; Total pins                         ; 39                                             ;
; Total virtual pins                 ; 0                                              ;
; Total memory bits                  ; 0                                              ;
; Embedded Multiplier 9-bit elements ; 0                                              ;
; Total PLLs                         ; 0                                              ;
; UFM blocks                         ; 0                                              ;
; ADC blocks                         ; 0                                              ;
+------------------------------------+------------------------------------------------+


+------------------------------------------------------------------------------------------------------------+
; Analysis & Synthesis Settings                                                                              ;
+------------------------------------------------------------------+--------------------+--------------------+
; Option                                                           ; Setting            ; Default Value      ;
+------------------------------------------------------------------+--------------------+--------------------+
; Device                                                           ; 10M50DAF484C6GES   ;                    ;
; Top-level entity name                                            ; L6AddSub           ; L6AddSub           ;
; Family name                                                      ; MAX 10             ; Cyclone V          ;
; Use smart compilation                                            ; Off                ; Off                ;
; Enable parallel Assembler and Timing Analyzer during compilation ; On                 ; On                 ;
; Enable compact report table                                      ; Off                ; Off                ;
; Restructure Multiplexers                                         ; Auto               ; Auto               ;
; Create Debugging Nodes for IP Cores                              ; Off                ; Off                ;
; Preserve fewer node names                                        ; On                 ; On                 ;
; Intel FPGA IP Evaluation Mode                                    ; Enable             ; Enable             ;
; Verilog Version                                                  ; Verilog_2001       ; Verilog_2001       ;
; VHDL Version                                                     ; VHDL_1993          ; VHDL_1993          ;
; State Machine Processing                                         ; Auto               ; Auto               ;
; Safe State Machine                                               ; Off                ; Off                ;
; Extract Verilog State Machines                                   ; On                 ; On                 ;
; Extract VHDL State Machines                                      ; On                 ; On                 ;
; Ignore Verilog initial constructs                                ; Off                ; Off                ;
; Iteration limit for constant Verilog loops                       ; 5000               ; 5000               ;
; Iteration limit for non-constant Verilog loops                   ; 250                ; 250                ;
; Add Pass-Through Logic to Inferred RAMs                          ; On                 ; On                 ;
; Infer RAMs from Raw Logic                                        ; On                 ; On                 ;
; Parallel Synthesis                                               ; On                 ; On                 ;
; DSP Block Balancing                                              ; Auto               ; Auto               ;
; NOT Gate Push-Back                                               ; On                 ; On                 ;
; Power-Up Don't Care                                              ; On                 ; On                 ;
; Remove Redundant Logic Cells                                     ; Off                ; Off                ;
; Remove Duplicate Registers                                       ; On                 ; On                 ;
; Ignore CARRY Buffers                                             ; Off                ; Off                ;
; Ignore CASCADE Buffers                                           ; Off                ; Off                ;
; Ignore GLOBAL Buffers                                            ; Off                ; Off                ;
; Ignore ROW GLOBAL Buffers                                        ; Off                ; Off                ;
; Ignore LCELL Buffers                                             ; Off                ; Off                ;
; Ignore SOFT Buffers                                              ; On                 ; On                 ;
; Limit AHDL Integers to 32 Bits                                   ; Off                ; Off                ;
; Optimization Technique                                           ; Balanced           ; Balanced           ;
; Carry Chain Length                                               ; 70                 ; 70                 ;
; Auto Carry Chains                                                ; On                 ; On                 ;
; Auto Open-Drain Pins                                             ; On                 ; On                 ;
; Perform WYSIWYG Primitive Resynthesis                            ; Off                ; Off                ;
; Auto ROM Replacement                                             ; On                 ; On                 ;
; Auto RAM Replacement                                             ; On                 ; On                 ;
; Auto DSP Block Replacement                                       ; On                 ; On                 ;
; Auto Shift Register Replacement                                  ; Auto               ; Auto               ;
; Allow Shift Register Merging across Hierarchies                  ; Auto               ; Auto               ;
; Auto Clock Enable Replacement                                    ; On                 ; On                 ;
; Strict RAM Replacement                                           ; Off                ; Off                ;
; Allow Synchronous Control Signals                                ; On                 ; On                 ;
; Force Use of Synchronous Clear Signals                           ; Off                ; Off                ;
; Auto RAM Block Balancing                                         ; On                 ; On                 ;
; Auto RAM to Logic Cell Conversion                                ; Off                ; Off                ;
; Auto Resource Sharing                                            ; Off                ; Off                ;
; Allow Any RAM Size For Recognition                               ; Off                ; Off                ;
; Allow Any ROM Size For Recognition                               ; Off                ; Off                ;
; Allow Any Shift Register Size For Recognition                    ; Off                ; Off                ;
; Use LogicLock Constraints during Resource Balancing              ; On                 ; On                 ;
; Ignore translate_off and synthesis_off directives                ; Off                ; Off                ;
; Timing-Driven Synthesis                                          ; On                 ; On                 ;
; Report Parameter Settings                                        ; On                 ; On                 ;
; Report Source Assignments                                        ; On                 ; On                 ;
; Report Connectivity Checks                                       ; On                 ; On                 ;
; Ignore Maximum Fan-Out Assignments                               ; Off                ; Off                ;
; Synchronization Register Chain Length                            ; 2                  ; 2                  ;
; Power Optimization During Synthesis                              ; Normal compilation ; Normal compilation ;
; HDL message level                                                ; Level2             ; Level2             ;
; Suppress Register Optimization Related Messages                  ; Off                ; Off                ;
; Number of Removed Registers Reported in Synthesis Report         ; 5000               ; 5000               ;
; Number of Swept Nodes Reported in Synthesis Report               ; 5000               ; 5000               ;
; Number of Inverted Registers Reported in Synthesis Report        ; 100                ; 100                ;
; Clock MUX Protection                                             ; On                 ; On                 ;
; Auto Gated Clock Conversion                                      ; Off                ; Off                ;
; Block Design Naming                                              ; Auto               ; Auto               ;
; SDC constraint protection                                        ; Off                ; Off                ;
; Synthesis Effort                                                 ; Auto               ; Auto               ;
; Shift Register Replacement - Allow Asynchronous Clear Signal     ; On                 ; On                 ;
; Pre-Mapping Resynthesis Optimization                             ; Off                ; Off                ;
; Analysis & Synthesis Message Level                               ; Medium             ; Medium             ;
; Disable Register Merging Across Hierarchies                      ; Auto               ; Auto               ;
; Resource Aware Inference For Block RAM                           ; On                 ; On                 ;
+------------------------------------------------------------------+--------------------+--------------------+


+------------------------------------------+
; Parallel Compilation                     ;
+----------------------------+-------------+
; Processors                 ; Number      ;
+----------------------------+-------------+
; Number detected on machine ; 12          ;
; Maximum allowed            ; 10          ;
;                            ;             ;
; Average used               ; 1.00        ;
; Maximum used               ; 1           ;
;                            ;             ;
; Usage by Processor         ; % Time Used ;
;     Processor 1            ; 100.0%      ;
+----------------------------+-------------+


+----------------------------------------------------------------------------------------------------------------------------------------------------------------------------------------------------------------------------------------------------------------------------------------+
; Analysis & Synthesis Source Files Read                                                                                                                                                                                                                                                 ;
+-----------------------------------+-----------------+------------------------------+-----------------------------------------------------------------------------------------------------------------------------------------------------------------------------------------+---------+
; File Name with User-Entered Path  ; Used in Netlist ; File Type                    ; File Name with Absolute Path                                                                                                                                                            ; Library ;
+-----------------------------------+-----------------+------------------------------+-----------------------------------------------------------------------------------------------------------------------------------------------------------------------------------------+---------+
; ../L6 SV Files/L6AddSub.sv        ; yes             ; User SystemVerilog HDL File  ; C:/Users/akujo_2rtofyy/OneDrive - South Dakota State University - SDSU/#SDSU Courses/CSC 244 - Digital Logic/Digital-Logic-CSC244/Lab 6 Adder Subtracter/L6 SV Files/L6AddSub.sv        ;         ;
; ../L6 SV Files/fulladder.sv       ; yes             ; User SystemVerilog HDL File  ; C:/Users/akujo_2rtofyy/OneDrive - South Dakota State University - SDSU/#SDSU Courses/CSC 244 - Digital Logic/Digital-Logic-CSC244/Lab 6 Adder Subtracter/L6 SV Files/fulladder.sv       ;         ;
; ../L6 SV Files/decimal7decoder.sv ; yes             ; User SystemVerilog HDL File  ; C:/Users/akujo_2rtofyy/OneDrive - South Dakota State University - SDSU/#SDSU Courses/CSC 244 - Digital Logic/Digital-Logic-CSC244/Lab 6 Adder Subtracter/L6 SV Files/decimal7decoder.sv ;         ;
; ../L6 SV Files/addsub4.sv         ; yes             ; User SystemVerilog HDL File  ; C:/Users/akujo_2rtofyy/OneDrive - South Dakota State University - SDSU/#SDSU Courses/CSC 244 - Digital Logic/Digital-Logic-CSC244/Lab 6 Adder Subtracter/L6 SV Files/addsub4.sv         ;         ;
; ../L6 SV Files/adder4.sv          ; yes             ; User SystemVerilog HDL File  ; C:/Users/akujo_2rtofyy/OneDrive - South Dakota State University - SDSU/#SDSU Courses/CSC 244 - Digital Logic/Digital-Logic-CSC244/Lab 6 Adder Subtracter/L6 SV Files/adder4.sv          ;         ;
+-----------------------------------+-----------------+------------------------------+-----------------------------------------------------------------------------------------------------------------------------------------------------------------------------------------+---------+


+----------------------------------------------------------+
; Analysis & Synthesis Resource Usage Summary              ;
+---------------------------------------------+------------+
; Resource                                    ; Usage      ;
+---------------------------------------------+------------+
; Estimated Total logic elements              ; 29         ;
;                                             ;            ;
; Total combinational functions               ; 29         ;
; Logic element usage by number of LUT inputs ;            ;
;     -- 4 input functions                    ; 19         ;
;     -- 3 input functions                    ; 9          ;
;     -- <=2 input functions                  ; 1          ;
;                                             ;            ;
; Logic elements by mode                      ;            ;
;     -- normal mode                          ; 29         ;
;     -- arithmetic mode                      ; 0          ;
;                                             ;            ;
; Total registers                             ; 0          ;
;     -- Dedicated logic registers            ; 0          ;
;     -- I/O registers                        ; 0          ;
;                                             ;            ;
; I/O pins                                    ; 39         ;
;                                             ;            ;
; Embedded Multiplier 9-bit elements          ; 0          ;
;                                             ;            ;
; Maximum fan-out node                        ; A[0]~input ;
; Maximum fan-out                             ; 12         ;
; Total fan-out                               ; 168        ;
; Average fan-out                             ; 1.57       ;
+---------------------------------------------+------------+


+---------------------------------------------------------------------------------------------------------------------------------------------------------------------------------------------------------------------------------------------------------------------------------------+
; Analysis & Synthesis Resource Utilization by Entity                                                                                                                                                                                                                                   ;
+-------------------------------------+---------------------+---------------------------+-------------+------------+--------------+---------+-----------+------+--------------+------------+-----------------------------------------------------------+-----------------+--------------+
; Compilation Hierarchy Node          ; Combinational ALUTs ; Dedicated Logic Registers ; Memory Bits ; UFM Blocks ; DSP Elements ; DSP 9x9 ; DSP 18x18 ; Pins ; Virtual Pins ; ADC blocks ; Full Hierarchy Name                                       ; Entity Name     ; Library Name ;
+-------------------------------------+---------------------+---------------------------+-------------+------------+--------------+---------+-----------+------+--------------+------------+-----------------------------------------------------------+-----------------+--------------+
; |L6AddSub                           ; 29 (0)              ; 0 (0)                     ; 0           ; 0          ; 0            ; 0       ; 0         ; 39   ; 0            ; 0          ; |L6AddSub                                                 ; L6AddSub        ; work         ;
;    |addsub4:addsub_module|          ; 8 (0)               ; 0 (0)                     ; 0           ; 0          ; 0            ; 0       ; 0         ; 0    ; 0            ; 0          ; |L6AddSub|addsub4:addsub_module                           ; addsub4         ; work         ;
;       |adder4:add4|                 ; 8 (1)               ; 0 (0)                     ; 0           ; 0          ; 0            ; 0       ; 0         ; 0    ; 0            ; 0          ; |L6AddSub|addsub4:addsub_module|adder4:add4               ; adder4          ; work         ;
;          |fulladder:fa0|            ; 1 (1)               ; 0 (0)                     ; 0           ; 0          ; 0            ; 0       ; 0         ; 0    ; 0            ; 0          ; |L6AddSub|addsub4:addsub_module|adder4:add4|fulladder:fa0 ; fulladder       ; work         ;
;          |fulladder:fa1|            ; 2 (2)               ; 0 (0)                     ; 0           ; 0          ; 0            ; 0       ; 0         ; 0    ; 0            ; 0          ; |L6AddSub|addsub4:addsub_module|adder4:add4|fulladder:fa1 ; fulladder       ; work         ;
;          |fulladder:fa2|            ; 2 (2)               ; 0 (0)                     ; 0           ; 0          ; 0            ; 0       ; 0         ; 0    ; 0            ; 0          ; |L6AddSub|addsub4:addsub_module|adder4:add4|fulladder:fa2 ; fulladder       ; work         ;
;          |fulladder:fa3|            ; 2 (2)               ; 0 (0)                     ; 0           ; 0          ; 0            ; 0       ; 0         ; 0    ; 0            ; 0          ; |L6AddSub|addsub4:addsub_module|adder4:add4|fulladder:fa3 ; fulladder       ; work         ;
;    |decimal7decoder:decodeA|        ; 7 (7)               ; 0 (0)                     ; 0           ; 0          ; 0            ; 0       ; 0         ; 0    ; 0            ; 0          ; |L6AddSub|decimal7decoder:decodeA                         ; decimal7decoder ; work         ;
;    |decimal7decoder:decodeB|        ; 7 (7)               ; 0 (0)                     ; 0           ; 0          ; 0            ; 0       ; 0         ; 0    ; 0            ; 0          ; |L6AddSub|decimal7decoder:decodeB                         ; decimal7decoder ; work         ;
;    |decimal7decoder:decoder_module| ; 7 (7)               ; 0 (0)                     ; 0           ; 0          ; 0            ; 0       ; 0         ; 0    ; 0            ; 0          ; |L6AddSub|decimal7decoder:decoder_module                  ; decimal7decoder ; work         ;
+-------------------------------------+---------------------+---------------------------+-------------+------------+--------------+---------+-----------+------+--------------+------------+-----------------------------------------------------------+-----------------+--------------+
Note: For table entries with two numbers listed, the numbers in parentheses indicate the number of resources of the given type used by the specific entity alone. The numbers listed outside of parentheses indicate the total resources of the given type used by the specific entity and all of its sub-entities in the hierarchy.


+------------------------------------------------------+
; General Register Statistics                          ;
+----------------------------------------------+-------+
; Statistic                                    ; Value ;
+----------------------------------------------+-------+
; Total registers                              ; 0     ;
; Number of registers using Synchronous Clear  ; 0     ;
; Number of registers using Synchronous Load   ; 0     ;
; Number of registers using Asynchronous Clear ; 0     ;
; Number of registers using Asynchronous Load  ; 0     ;
; Number of registers using Clock Enable       ; 0     ;
; Number of registers using Preset             ; 0     ;
+----------------------------------------------+-------+


+------------------------------------------------------------------------------------------------------------------------------------------------------------------------+
; Port Connectivity Checks: "addsub4:addsub_module"                                                                                                                      ;
+------+-------+----------+----------------------------------------------------------------------------------------------------------------------------------------------+
; Port ; Type  ; Severity ; Details                                                                                                                                      ;
+------+-------+----------+----------------------------------------------------------------------------------------------------------------------------------------------+
; sub  ; Input ; Warning  ; Declared by entity but not connected by instance. If a default value exists, it will be used.  Otherwise, the port will be connected to GND. ;
+------+-------+----------+----------------------------------------------------------------------------------------------------------------------------------------------+


+-------------------------------------------------------------------------------------------------------------------+
; Port Connectivity Checks: "decimal7decoder:decodeB"                                                               ;
+---------+--------+----------+-------------------------------------------------------------------------------------+
; Port    ; Type   ; Severity ; Details                                                                             ;
+---------+--------+----------+-------------------------------------------------------------------------------------+
; signHEX ; Output ; Info     ; Connected to dangling logic. Logic that only feeds a dangling port will be removed. ;
+---------+--------+----------+-------------------------------------------------------------------------------------+


+-------------------------------------------------------------------------------------------------------------------+
; Port Connectivity Checks: "decimal7decoder:decodeA"                                                               ;
+---------+--------+----------+-------------------------------------------------------------------------------------+
; Port    ; Type   ; Severity ; Details                                                                             ;
+---------+--------+----------+-------------------------------------------------------------------------------------+
; signHEX ; Output ; Info     ; Connected to dangling logic. Logic that only feeds a dangling port will be removed. ;
+---------+--------+----------+-------------------------------------------------------------------------------------+


+-----------------------------------------------------+
; Post-Synthesis Netlist Statistics for Top Partition ;
+-----------------------+-----------------------------+
; Type                  ; Count                       ;
+-----------------------+-----------------------------+
; boundary_port         ; 39                          ;
; cycloneiii_lcell_comb ; 34                          ;
;     normal            ; 34                          ;
;         0 data inputs ; 1                           ;
;         1 data inputs ; 4                           ;
;         2 data inputs ; 1                           ;
;         3 data inputs ; 9                           ;
;         4 data inputs ; 19                          ;
;                       ;                             ;
; Max LUT depth         ; 5.00                        ;
; Average LUT depth     ; 2.88                        ;
+-----------------------+-----------------------------+


+-------------------------------+
; Elapsed Time Per Partition    ;
+----------------+--------------+
; Partition Name ; Elapsed Time ;
+----------------+--------------+
; Top            ; 00:00:00     ;
+----------------+--------------+


+-------------------------------+
; Analysis & Synthesis Messages ;
+-------------------------------+
Info: *******************************************************************
Info: Running Quartus Prime Analysis & Synthesis
    Info: Version 22.1std.1 Build 917 02/14/2023 SC Lite Edition
    Info: Processing started: Thu Oct 19 10:37:44 2023
Info: Command: quartus_map --read_settings_files=on --write_settings_files=off L6AddSub -c L6AddSub
Warning (18236): Number of processors has not been specified which may cause overloading on shared machines.  Set the global assignment NUM_PARALLEL_PROCESSORS in your QSF to an appropriate value for best performance.
Info (20030): Parallel compilation is enabled and will use 10 of the 10 processors detected
Info (12021): Found 1 design units, including 1 entities, in source file /users/akujo_2rtofyy/onedrive - south dakota state university - sdsu/#sdsu courses/csc 244 - digital logic/digital-logic-csc244/lab 6 adder subtracter/l6 sv files/l6addsub.sv
    Info (12023): Found entity 1: L6AddSub File: C:/Users/akujo_2rtofyy/OneDrive - South Dakota State University - SDSU/#SDSU Courses/CSC 244 - Digital Logic/Digital-Logic-CSC244/Lab 6 Adder Subtracter/L6 SV Files/L6AddSub.sv Line: 2
Info (12021): Found 1 design units, including 1 entities, in source file /users/akujo_2rtofyy/onedrive - south dakota state university - sdsu/#sdsu courses/csc 244 - digital logic/digital-logic-csc244/lab 6 adder subtracter/l6 sv files/fulladder.sv
    Info (12023): Found entity 1: fulladder File: C:/Users/akujo_2rtofyy/OneDrive - South Dakota State University - SDSU/#SDSU Courses/CSC 244 - Digital Logic/Digital-Logic-CSC244/Lab 6 Adder Subtracter/L6 SV Files/fulladder.sv Line: 13
Info (12021): Found 1 design units, including 1 entities, in source file /users/akujo_2rtofyy/onedrive - south dakota state university - sdsu/#sdsu courses/csc 244 - digital logic/digital-logic-csc244/lab 6 adder subtracter/l6 sv files/decimal7decoder.sv
    Info (12023): Found entity 1: decimal7decoder File: C:/Users/akujo_2rtofyy/OneDrive - South Dakota State University - SDSU/#SDSU Courses/CSC 244 - Digital Logic/Digital-Logic-CSC244/Lab 6 Adder Subtracter/L6 SV Files/decimal7decoder.sv Line: 2
Info (12021): Found 1 design units, including 1 entities, in source file /users/akujo_2rtofyy/onedrive - south dakota state university - sdsu/#sdsu courses/csc 244 - digital logic/digital-logic-csc244/lab 6 adder subtracter/l6 sv files/addsub4.sv
    Info (12023): Found entity 1: addsub4 File: C:/Users/akujo_2rtofyy/OneDrive - South Dakota State University - SDSU/#SDSU Courses/CSC 244 - Digital Logic/Digital-Logic-CSC244/Lab 6 Adder Subtracter/L6 SV Files/addsub4.sv Line: 2
Info (12021): Found 1 design units, including 1 entities, in source file /users/akujo_2rtofyy/onedrive - south dakota state university - sdsu/#sdsu courses/csc 244 - digital logic/digital-logic-csc244/lab 6 adder subtracter/l6 sv files/adder4.sv
    Info (12023): Found entity 1: adder4 File: C:/Users/akujo_2rtofyy/OneDrive - South Dakota State University - SDSU/#SDSU Courses/CSC 244 - Digital Logic/Digital-Logic-CSC244/Lab 6 Adder Subtracter/L6 SV Files/adder4.sv Line: 4
Info (12127): Elaborating entity "L6AddSub" for the top level hierarchy
Info (12128): Elaborating entity "decimal7decoder" for hierarchy "decimal7decoder:decodeA" File: C:/Users/akujo_2rtofyy/OneDrive - South Dakota State University - SDSU/#SDSU Courses/CSC 244 - Digital Logic/Digital-Logic-CSC244/Lab 6 Adder Subtracter/L6 SV Files/L6AddSub.sv Line: 27
Info (12128): Elaborating entity "addsub4" for hierarchy "addsub4:addsub_module" File: C:/Users/akujo_2rtofyy/OneDrive - South Dakota State University - SDSU/#SDSU Courses/CSC 244 - Digital Logic/Digital-Logic-CSC244/Lab 6 Adder Subtracter/L6 SV Files/L6AddSub.sv Line: 49
Info (12128): Elaborating entity "adder4" for hierarchy "addsub4:addsub_module|adder4:add4" File: C:/Users/akujo_2rtofyy/OneDrive - South Dakota State University - SDSU/#SDSU Courses/CSC 244 - Digital Logic/Digital-Logic-CSC244/Lab 6 Adder Subtracter/L6 SV Files/addsub4.sv Line: 26
Info (12128): Elaborating entity "fulladder" for hierarchy "addsub4:addsub_module|adder4:add4|fulladder:fa0" File: C:/Users/akujo_2rtofyy/OneDrive - South Dakota State University - SDSU/#SDSU Courses/CSC 244 - Digital Logic/Digital-Logic-CSC244/Lab 6 Adder Subtracter/L6 SV Files/adder4.sv Line: 14
Warning (12241): 1 hierarchies have connectivity warnings - see the Connectivity Checks report folder
Warning (13024): Output pins are stuck at VCC or GND
    Warning (13410): Pin "HEX1[0]" is stuck at VCC File: C:/Users/akujo_2rtofyy/OneDrive - South Dakota State University - SDSU/#SDSU Courses/CSC 244 - Digital Logic/Digital-Logic-CSC244/Lab 6 Adder Subtracter/L6 SV Files/L6AddSub.sv Line: 8
    Warning (13410): Pin "HEX1[1]" is stuck at VCC File: C:/Users/akujo_2rtofyy/OneDrive - South Dakota State University - SDSU/#SDSU Courses/CSC 244 - Digital Logic/Digital-Logic-CSC244/Lab 6 Adder Subtracter/L6 SV Files/L6AddSub.sv Line: 8
    Warning (13410): Pin "HEX1[2]" is stuck at VCC File: C:/Users/akujo_2rtofyy/OneDrive - South Dakota State University - SDSU/#SDSU Courses/CSC 244 - Digital Logic/Digital-Logic-CSC244/Lab 6 Adder Subtracter/L6 SV Files/L6AddSub.sv Line: 8
    Warning (13410): Pin "HEX1[3]" is stuck at VCC File: C:/Users/akujo_2rtofyy/OneDrive - South Dakota State University - SDSU/#SDSU Courses/CSC 244 - Digital Logic/Digital-Logic-CSC244/Lab 6 Adder Subtracter/L6 SV Files/L6AddSub.sv Line: 8
    Warning (13410): Pin "HEX1[4]" is stuck at VCC File: C:/Users/akujo_2rtofyy/OneDrive - South Dakota State University - SDSU/#SDSU Courses/CSC 244 - Digital Logic/Digital-Logic-CSC244/Lab 6 Adder Subtracter/L6 SV Files/L6AddSub.sv Line: 8
    Warning (13410): Pin "HEX1[5]" is stuck at VCC File: C:/Users/akujo_2rtofyy/OneDrive - South Dakota State University - SDSU/#SDSU Courses/CSC 244 - Digital Logic/Digital-Logic-CSC244/Lab 6 Adder Subtracter/L6 SV Files/L6AddSub.sv Line: 8
Info (286030): Timing-Driven Synthesis is running
Info (16010): Generating hard_block partition "hard_block:auto_generated_inst"
    Info (16011): Adding 0 node(s), including 0 DDIO, 0 PLL, 0 transceiver and 0 LCELL
Warning (21074): Design contains 1 input pin(s) that do not drive logic
    Warning (15610): No output dependent on input pin "sub" File: C:/Users/akujo_2rtofyy/OneDrive - South Dakota State University - SDSU/#SDSU Courses/CSC 244 - Digital Logic/Digital-Logic-CSC244/Lab 6 Adder Subtracter/L6 SV Files/L6AddSub.sv Line: 5
Info (21057): Implemented 68 device resources after synthesis - the final resource count might be different
    Info (21058): Implemented 9 input pins
    Info (21059): Implemented 30 output pins
    Info (21061): Implemented 29 logic cells
Info: Quartus Prime Analysis & Synthesis was successful. 0 errors, 11 warnings
    Info: Peak virtual memory: 4790 megabytes
    Info: Processing ended: Thu Oct 19 10:37:51 2023
    Info: Elapsed time: 00:00:07
    Info: Total CPU time (on all processors): 00:00:06


