Analysis & Synthesis report for giant_counter
Wed Nov  8 17:16:21 2023
Quartus Prime Version 22.1std.1 Build 917 02/14/2023 SC Lite Edition


---------------------
; Table of Contents ;
---------------------
  1. Legal Notice
  2. Analysis & Synthesis Summary
  3. Analysis & Synthesis Settings
  4. Parallel Compilation
  5. Analysis & Synthesis Source Files Read
  6. Analysis & Synthesis Resource Usage Summary
  7. Analysis & Synthesis Resource Utilization by Entity
  8. State Machine - |giant_counter|counter26bit:counter_inst|enable
  9. Registers Removed During Synthesis
 10. General Register Statistics
 11. Parameter Settings for User Entity Instance: debouncer:debouncer_inst
 12. Parameter Settings for User Entity Instance: counter26bit:counter_inst
 13. Port Connectivity Checks: "debouncer:debouncer_inst"
 14. Post-Synthesis Netlist Statistics for Top Partition
 15. Elapsed Time Per Partition
 16. Analysis & Synthesis Messages
 17. Analysis & Synthesis Suppressed Messages



----------------
; Legal Notice ;
----------------
Copyright (C) 2023  Intel Corporation. All rights reserved.
Your use of Intel Corporation's design tools, logic functions 
and other software and tools, and any partner logic 
functions, and any output files from any of the foregoing 
(including device programming or simulation files), and any 
associated documentation or information are expressly subject 
to the terms and conditions of the Intel Program License 
Subscription Agreement, the Intel Quartus Prime License Agreement,
the Intel FPGA IP License Agreement, or other applicable license
agreement, including, without limitation, that your use is for
the sole purpose of programming logic devices manufactured by
Intel and sold by Intel or its authorized distributors.  Please
refer to the applicable agreement for further details, at
https://fpgasoftware.intel.com/eula.



+-------------------------------------------------------------------------------------+
; Analysis & Synthesis Summary                                                        ;
+------------------------------------+------------------------------------------------+
; Analysis & Synthesis Status        ; Successful - Wed Nov  8 17:16:21 2023          ;
; Quartus Prime Version              ; 22.1std.1 Build 917 02/14/2023 SC Lite Edition ;
; Revision Name                      ; giant_counter                                  ;
; Top-level Entity Name              ; giant_counter                                  ;
; Family                             ; MAX 10                                         ;
; Total logic elements               ; 0                                              ;
;     Total combinational functions  ; 0                                              ;
;     Dedicated logic registers      ; 0                                              ;
; Total registers                    ; 0                                              ;
; Total pins                         ; 3                                              ;
; Total virtual pins                 ; 0                                              ;
; Total memory bits                  ; 0                                              ;
; Embedded Multiplier 9-bit elements ; 0                                              ;
; Total PLLs                         ; 0                                              ;
; UFM blocks                         ; 0                                              ;
; ADC blocks                         ; 0                                              ;
+------------------------------------+------------------------------------------------+


+------------------------------------------------------------------------------------------------------------+
; Analysis & Synthesis Settings                                                                              ;
+------------------------------------------------------------------+--------------------+--------------------+
; Option                                                           ; Setting            ; Default Value      ;
+------------------------------------------------------------------+--------------------+--------------------+
; Device                                                           ; 10M50DAF484C7G     ;                    ;
; Top-level entity name                                            ; giant_counter      ; giant_counter      ;
; Family name                                                      ; MAX 10             ; Cyclone V          ;
; Use smart compilation                                            ; Off                ; Off                ;
; Enable parallel Assembler and Timing Analyzer during compilation ; On                 ; On                 ;
; Enable compact report table                                      ; Off                ; Off                ;
; Restructure Multiplexers                                         ; Auto               ; Auto               ;
; Create Debugging Nodes for IP Cores                              ; Off                ; Off                ;
; Preserve fewer node names                                        ; On                 ; On                 ;
; Intel FPGA IP Evaluation Mode                                    ; Enable             ; Enable             ;
; Verilog Version                                                  ; Verilog_2001       ; Verilog_2001       ;
; VHDL Version                                                     ; VHDL_1993          ; VHDL_1993          ;
; State Machine Processing                                         ; Auto               ; Auto               ;
; Safe State Machine                                               ; Off                ; Off                ;
; Extract Verilog State Machines                                   ; On                 ; On                 ;
; Extract VHDL State Machines                                      ; On                 ; On                 ;
; Ignore Verilog initial constructs                                ; Off                ; Off                ;
; Iteration limit for constant Verilog loops                       ; 5000               ; 5000               ;
; Iteration limit for non-constant Verilog loops                   ; 250                ; 250                ;
; Add Pass-Through Logic to Inferred RAMs                          ; On                 ; On                 ;
; Infer RAMs from Raw Logic                                        ; On                 ; On                 ;
; Parallel Synthesis                                               ; On                 ; On                 ;
; DSP Block Balancing                                              ; Auto               ; Auto               ;
; NOT Gate Push-Back                                               ; On                 ; On                 ;
; Power-Up Don't Care                                              ; On                 ; On                 ;
; Remove Redundant Logic Cells                                     ; Off                ; Off                ;
; Remove Duplicate Registers                                       ; On                 ; On                 ;
; Ignore CARRY Buffers                                             ; Off                ; Off                ;
; Ignore CASCADE Buffers                                           ; Off                ; Off                ;
; Ignore GLOBAL Buffers                                            ; Off                ; Off                ;
; Ignore ROW GLOBAL Buffers                                        ; Off                ; Off                ;
; Ignore LCELL Buffers                                             ; Off                ; Off                ;
; Ignore SOFT Buffers                                              ; On                 ; On                 ;
; Limit AHDL Integers to 32 Bits                                   ; Off                ; Off                ;
; Optimization Technique                                           ; Balanced           ; Balanced           ;
; Carry Chain Length                                               ; 70                 ; 70                 ;
; Auto Carry Chains                                                ; On                 ; On                 ;
; Auto Open-Drain Pins                                             ; On                 ; On                 ;
; Perform WYSIWYG Primitive Resynthesis                            ; Off                ; Off                ;
; Auto ROM Replacement                                             ; On                 ; On                 ;
; Auto RAM Replacement                                             ; On                 ; On                 ;
; Auto DSP Block Replacement                                       ; On                 ; On                 ;
; Auto Shift Register Replacement                                  ; Auto               ; Auto               ;
; Allow Shift Register Merging across Hierarchies                  ; Auto               ; Auto               ;
; Auto Clock Enable Replacement                                    ; On                 ; On                 ;
; Strict RAM Replacement                                           ; Off                ; Off                ;
; Allow Synchronous Control Signals                                ; On                 ; On                 ;
; Force Use of Synchronous Clear Signals                           ; Off                ; Off                ;
; Auto RAM Block Balancing                                         ; On                 ; On                 ;
; Auto RAM to Logic Cell Conversion                                ; Off                ; Off                ;
; Auto Resource Sharing                                            ; Off                ; Off                ;
; Allow Any RAM Size For Recognition                               ; Off                ; Off                ;
; Allow Any ROM Size For Recognition                               ; Off                ; Off                ;
; Allow Any Shift Register Size For Recognition                    ; Off                ; Off                ;
; Use LogicLock Constraints during Resource Balancing              ; On                 ; On                 ;
; Ignore translate_off and synthesis_off directives                ; Off                ; Off                ;
; Timing-Driven Synthesis                                          ; On                 ; On                 ;
; Report Parameter Settings                                        ; On                 ; On                 ;
; Report Source Assignments                                        ; On                 ; On                 ;
; Report Connectivity Checks                                       ; On                 ; On                 ;
; Ignore Maximum Fan-Out Assignments                               ; Off                ; Off                ;
; Synchronization Register Chain Length                            ; 2                  ; 2                  ;
; Power Optimization During Synthesis                              ; Normal compilation ; Normal compilation ;
; HDL message level                                                ; Level2             ; Level2             ;
; Suppress Register Optimization Related Messages                  ; Off                ; Off                ;
; Number of Removed Registers Reported in Synthesis Report         ; 5000               ; 5000               ;
; Number of Swept Nodes Reported in Synthesis Report               ; 5000               ; 5000               ;
; Number of Inverted Registers Reported in Synthesis Report        ; 100                ; 100                ;
; Clock MUX Protection                                             ; On                 ; On                 ;
; Auto Gated Clock Conversion                                      ; Off                ; Off                ;
; Block Design Naming                                              ; Auto               ; Auto               ;
; SDC constraint protection                                        ; Off                ; Off                ;
; Synthesis Effort                                                 ; Auto               ; Auto               ;
; Shift Register Replacement - Allow Asynchronous Clear Signal     ; On                 ; On                 ;
; Pre-Mapping Resynthesis Optimization                             ; Off                ; Off                ;
; Analysis & Synthesis Message Level                               ; Medium             ; Medium             ;
; Disable Register Merging Across Hierarchies                      ; Auto               ; Auto               ;
; Resource Aware Inference For Block RAM                           ; On                 ; On                 ;
+------------------------------------------------------------------+--------------------+--------------------+


+------------------------------------------+
; Parallel Compilation                     ;
+----------------------------+-------------+
; Processors                 ; Number      ;
+----------------------------+-------------+
; Number detected on machine ; 12          ;
; Maximum allowed            ; 10          ;
;                            ;             ;
; Average used               ; 1.00        ;
; Maximum used               ; 1           ;
;                            ;             ;
; Usage by Processor         ; % Time Used ;
;     Processor 1            ; 100.0%      ;
+----------------------------+-------------+


+----------------------------------------------------------------------------------------------------------------------------------------------------------------------------------------------------------------------------------------------------+
; Analysis & Synthesis Source Files Read                                                                                                                                                                                                             ;
+----------------------------------------+-----------------+------------------------------+------------------------------------------------------------------------------------------------------------------------------------------------+---------+
; File Name with User-Entered Path       ; Used in Netlist ; File Type                    ; File Name with Absolute Path                                                                                                                   ; Library ;
+----------------------------------------+-----------------+------------------------------+------------------------------------------------------------------------------------------------------------------------------------------------+---------+
; ../../SV Modules Bank/giant_counter.sv ; yes             ; User SystemVerilog HDL File  ; D:/OneDrive - South Dakota State University - SDSU/#SDSU Courses/CSC 244 - Digital Logic/Digital-Logic-CSC244/SV Modules Bank/giant_counter.sv ;         ;
; ../../SV Modules Bank/debouncer.sv     ; yes             ; User SystemVerilog HDL File  ; D:/OneDrive - South Dakota State University - SDSU/#SDSU Courses/CSC 244 - Digital Logic/Digital-Logic-CSC244/SV Modules Bank/debouncer.sv     ;         ;
; ../../SV Modules Bank/counter26bit.sv  ; yes             ; User SystemVerilog HDL File  ; D:/OneDrive - South Dakota State University - SDSU/#SDSU Courses/CSC 244 - Digital Logic/Digital-Logic-CSC244/SV Modules Bank/counter26bit.sv  ;         ;
+----------------------------------------+-----------------+------------------------------+------------------------------------------------------------------------------------------------------------------------------------------------+---------+


+-----------------------------------------------------+
; Analysis & Synthesis Resource Usage Summary         ;
+---------------------------------------------+-------+
; Resource                                    ; Usage ;
+---------------------------------------------+-------+
;                                             ;       ;
; Total combinational functions               ; 0     ;
; Logic element usage by number of LUT inputs ;       ;
;     -- 4 input functions                    ; 0     ;
;     -- 3 input functions                    ; 0     ;
;     -- <=2 input functions                  ; 0     ;
;                                             ;       ;
; Logic elements by mode                      ;       ;
;     -- normal mode                          ; 0     ;
;     -- arithmetic mode                      ; 0     ;
;                                             ;       ;
; Total registers                             ; 0     ;
;     -- Dedicated logic registers            ; 0     ;
;     -- I/O registers                        ; 0     ;
;                                             ;       ;
; I/O pins                                    ; 3     ;
;                                             ;       ;
; Embedded Multiplier 9-bit elements          ; 0     ;
;                                             ;       ;
; Maximum fan-out node                        ; KEY0  ;
; Maximum fan-out                             ; 1     ;
; Total fan-out                               ; 3     ;
; Average fan-out                             ; 0.50  ;
+---------------------------------------------+-------+


+--------------------------------------------------------------------------------------------------------------------------------------------------------------------------------------------------------------------------------------+
; Analysis & Synthesis Resource Utilization by Entity                                                                                                                                                                                  ;
+----------------------------+---------------------+---------------------------+-------------+------------+--------------+---------+-----------+------+--------------+------------+---------------------+---------------+--------------+
; Compilation Hierarchy Node ; Combinational ALUTs ; Dedicated Logic Registers ; Memory Bits ; UFM Blocks ; DSP Elements ; DSP 9x9 ; DSP 18x18 ; Pins ; Virtual Pins ; ADC blocks ; Full Hierarchy Name ; Entity Name   ; Library Name ;
+----------------------------+---------------------+---------------------------+-------------+------------+--------------+---------+-----------+------+--------------+------------+---------------------+---------------+--------------+
; |giant_counter             ; 0 (0)               ; 0 (0)                     ; 0           ; 0          ; 0            ; 0       ; 0         ; 3    ; 0            ; 0          ; |giant_counter      ; giant_counter ; work         ;
+----------------------------+---------------------+---------------------------+-------------+------------+--------------+---------+-----------+------+--------------+------------+---------------------+---------------+--------------+
Note: For table entries with two numbers listed, the numbers in parentheses indicate the number of resources of the given type used by the specific entity alone. The numbers listed outside of parentheses indicate the total resources of the given type used by the specific entity and all of its sub-entities in the hierarchy.


Encoding Type:  One-Hot
+-----------------------------------------------------------------+
; State Machine - |giant_counter|counter26bit:counter_inst|enable ;
+-----------+-----------------------------------------------------+
; Name      ; enable.11                                           ;
+-----------+-----------------------------------------------------+
; enable.00 ; 0                                                   ;
; enable.11 ; 1                                                   ;
+-----------+-----------------------------------------------------+


+---------------------------------------------------------------------------------+
; Registers Removed During Synthesis                                              ;
+------------------------------------------+--------------------------------------+
; Register name                            ; Reason for Removal                   ;
+------------------------------------------+--------------------------------------+
; counter26bit:counter_inst|counter[0..25] ; Stuck at GND due to stuck port clock ;
; counter26bit:counter_inst|enable.11      ; Lost fanout                          ;
; counter26bit:counter_inst|enable~3       ; Lost fanout                          ;
; Total Number of Removed Registers = 28   ;                                      ;
+------------------------------------------+--------------------------------------+


+------------------------------------------------------+
; General Register Statistics                          ;
+----------------------------------------------+-------+
; Statistic                                    ; Value ;
+----------------------------------------------+-------+
; Total registers                              ; 0     ;
; Number of registers using Synchronous Clear  ; 0     ;
; Number of registers using Synchronous Load   ; 0     ;
; Number of registers using Asynchronous Clear ; 0     ;
; Number of registers using Asynchronous Load  ; 0     ;
; Number of registers using Clock Enable       ; 0     ;
; Number of registers using Preset             ; 0     ;
+----------------------------------------------+-------+


+-----------------------------------------------------------------------+
; Parameter Settings for User Entity Instance: debouncer:debouncer_inst ;
+----------------+------------------+-----------------------------------+
; Parameter Name ; Value            ; Type                              ;
+----------------+------------------+-----------------------------------+
; COMPARE        ; 1100001101010000 ; Unsigned Binary                   ;
+----------------+------------------+-----------------------------------+
Note: In order to hide this table in the UI and the text report file, please set the "Show Parameter Settings in Synthesis Report" option in "Analysis and Synthesis Settings -> More Settings" to "Off".


+------------------------------------------------------------------------+
; Parameter Settings for User Entity Instance: counter26bit:counter_inst ;
+----------------+-------+-----------------------------------------------+
; Parameter Name ; Value ; Type                                          ;
+----------------+-------+-----------------------------------------------+
; N              ; 26    ; Signed Integer                                ;
+----------------+-------+-----------------------------------------------+
Note: In order to hide this table in the UI and the text report file, please set the "Show Parameter Settings in Synthesis Report" option in "Analysis and Synthesis Settings -> More Settings" to "Off".


+----------------------------------------------------------------------------------------------------------------+
; Port Connectivity Checks: "debouncer:debouncer_inst"                                                           ;
+------+--------+----------+-------------------------------------------------------------------------------------+
; Port ; Type   ; Severity ; Details                                                                             ;
+------+--------+----------+-------------------------------------------------------------------------------------+
; A    ; Output ; Info     ; Connected to dangling logic. Logic that only feeds a dangling port will be removed. ;
+------+--------+----------+-------------------------------------------------------------------------------------+


+-----------------------------------------------------+
; Post-Synthesis Netlist Statistics for Top Partition ;
+-----------------------+-----------------------------+
; Type                  ; Count                       ;
+-----------------------+-----------------------------+
; boundary_port         ; 3                           ;
; cycloneiii_lcell_comb ; 1                           ;
;     normal            ; 1                           ;
;         0 data inputs ; 1                           ;
;                       ;                             ;
; Max LUT depth         ; 0.00                        ;
; Average LUT depth     ; 0.00                        ;
+-----------------------+-----------------------------+


+-------------------------------+
; Elapsed Time Per Partition    ;
+----------------+--------------+
; Partition Name ; Elapsed Time ;
+----------------+--------------+
; Top            ; 00:00:00     ;
+----------------+--------------+


+-------------------------------+
; Analysis & Synthesis Messages ;
+-------------------------------+
Info: *******************************************************************
Info: Running Quartus Prime Analysis & Synthesis
    Info: Version 22.1std.1 Build 917 02/14/2023 SC Lite Edition
    Info: Processing started: Wed Nov  8 17:16:14 2023
Info: Command: quartus_map --read_settings_files=on --write_settings_files=off giant_counter -c giant_counter
Warning (18236): Number of processors has not been specified which may cause overloading on shared machines.  Set the global assignment NUM_PARALLEL_PROCESSORS in your QSF to an appropriate value for best performance.
Info (20030): Parallel compilation is enabled and will use 10 of the 10 processors detected
Info (12021): Found 1 design units, including 1 entities, in source file /onedrive - south dakota state university - sdsu/#sdsu courses/csc 244 - digital logic/digital-logic-csc244/sv modules bank/sequencedetectormoore.sv
    Info (12023): Found entity 1: sequenceDetectorMoore File: D:/OneDrive - South Dakota State University - SDSU/#SDSU Courses/CSC 244 - Digital Logic/Digital-Logic-CSC244/SV Modules Bank/sequenceDetectorMoore.sv Line: 14
Info (12021): Found 1 design units, including 1 entities, in source file /onedrive - south dakota state university - sdsu/#sdsu courses/csc 244 - digital logic/digital-logic-csc244/sv modules bank/sequencedetectormealy.sv
    Info (12023): Found entity 1: sequenceDetectorMealy File: D:/OneDrive - South Dakota State University - SDSU/#SDSU Courses/CSC 244 - Digital Logic/Digital-Logic-CSC244/SV Modules Bank/sequenceDetectorMealy.sv Line: 19
Info (12021): Found 1 design units, including 1 entities, in source file /onedrive - south dakota state university - sdsu/#sdsu courses/csc 244 - digital logic/digital-logic-csc244/sv modules bank/regn.sv
    Info (12023): Found entity 1: regN File: D:/OneDrive - South Dakota State University - SDSU/#SDSU Courses/CSC 244 - Digital Logic/Digital-Logic-CSC244/SV Modules Bank/regN.sv Line: 1
Info (12021): Found 1 design units, including 1 entities, in source file /onedrive - south dakota state university - sdsu/#sdsu courses/csc 244 - digital logic/digital-logic-csc244/sv modules bank/partialproduct4.sv
    Info (12023): Found entity 1: PP4 File: D:/OneDrive - South Dakota State University - SDSU/#SDSU Courses/CSC 244 - Digital Logic/Digital-Logic-CSC244/SV Modules Bank/partialproduct4.sv Line: 2
Warning (12090): Entity "mult4" obtained from "../../SV Modules Bank/mult4.sv" instead of from Quartus Prime megafunction library File: D:/OneDrive - South Dakota State University - SDSU/#SDSU Courses/CSC 244 - Digital Logic/Digital-Logic-CSC244/SV Modules Bank/mult4.sv Line: 2
Info (12021): Found 1 design units, including 1 entities, in source file /onedrive - south dakota state university - sdsu/#sdsu courses/csc 244 - digital logic/digital-logic-csc244/sv modules bank/mult4.sv
    Info (12023): Found entity 1: mult4 File: D:/OneDrive - South Dakota State University - SDSU/#SDSU Courses/CSC 244 - Digital Logic/Digital-Logic-CSC244/SV Modules Bank/mult4.sv Line: 2
Info (12021): Found 1 design units, including 1 entities, in source file /onedrive - south dakota state university - sdsu/#sdsu courses/csc 244 - digital logic/digital-logic-csc244/sv modules bank/machinecomparison.sv
    Info (12023): Found entity 1: machineComparison File: D:/OneDrive - South Dakota State University - SDSU/#SDSU Courses/CSC 244 - Digital Logic/Digital-Logic-CSC244/SV Modules Bank/machineComparison.sv Line: 13
Info (12021): Found 1 design units, including 1 entities, in source file /onedrive - south dakota state university - sdsu/#sdsu courses/csc 244 - digital logic/digital-logic-csc244/sv modules bank/l7multiplier.sv
    Info (12023): Found entity 1: L7Multiplier File: D:/OneDrive - South Dakota State University - SDSU/#SDSU Courses/CSC 244 - Digital Logic/Digital-Logic-CSC244/SV Modules Bank/L7Multiplier.sv Line: 2
Info (12021): Found 1 design units, including 1 entities, in source file /onedrive - south dakota state university - sdsu/#sdsu courses/csc 244 - digital logic/digital-logic-csc244/sv modules bank/giant_counter.sv
    Info (12023): Found entity 1: giant_counter File: D:/OneDrive - South Dakota State University - SDSU/#SDSU Courses/CSC 244 - Digital Logic/Digital-Logic-CSC244/SV Modules Bank/giant_counter.sv Line: 1
Info (12021): Found 1 design units, including 1 entities, in source file /onedrive - south dakota state university - sdsu/#sdsu courses/csc 244 - digital logic/digital-logic-csc244/sv modules bank/fulladder.sv
    Info (12023): Found entity 1: fulladder File: D:/OneDrive - South Dakota State University - SDSU/#SDSU Courses/CSC 244 - Digital Logic/Digital-Logic-CSC244/SV Modules Bank/fulladder.sv Line: 13
Info (12021): Found 1 design units, including 1 entities, in source file /onedrive - south dakota state university - sdsu/#sdsu courses/csc 244 - digital logic/digital-logic-csc244/sv modules bank/decimal7decoder.sv
    Info (12023): Found entity 1: decimal7decoder File: D:/OneDrive - South Dakota State University - SDSU/#SDSU Courses/CSC 244 - Digital Logic/Digital-Logic-CSC244/SV Modules Bank/decimal7decoder.sv Line: 2
Info (12021): Found 1 design units, including 1 entities, in source file /onedrive - south dakota state university - sdsu/#sdsu courses/csc 244 - digital logic/digital-logic-csc244/sv modules bank/debouncer.sv
    Info (12023): Found entity 1: debouncer File: D:/OneDrive - South Dakota State University - SDSU/#SDSU Courses/CSC 244 - Digital Logic/Digital-Logic-CSC244/SV Modules Bank/debouncer.sv Line: 15
Info (12021): Found 1 design units, including 1 entities, in source file /onedrive - south dakota state university - sdsu/#sdsu courses/csc 244 - digital logic/digital-logic-csc244/sv modules bank/counter26bit.sv
    Info (12023): Found entity 1: counter26bit File: D:/OneDrive - South Dakota State University - SDSU/#SDSU Courses/CSC 244 - Digital Logic/Digital-Logic-CSC244/SV Modules Bank/counter26bit.sv Line: 1
Info (12021): Found 1 design units, including 1 entities, in source file /onedrive - south dakota state university - sdsu/#sdsu courses/csc 244 - digital logic/digital-logic-csc244/sv modules bank/controller.sv
    Info (12023): Found entity 1: controller File: D:/OneDrive - South Dakota State University - SDSU/#SDSU Courses/CSC 244 - Digital Logic/Digital-Logic-CSC244/SV Modules Bank/controller.sv Line: 1
Info (12021): Found 1 design units, including 1 entities, in source file /onedrive - south dakota state university - sdsu/#sdsu courses/csc 244 - digital logic/digital-logic-csc244/sv modules bank/alucontroller.sv
    Info (12023): Found entity 1: ALUcontroller File: D:/OneDrive - South Dakota State University - SDSU/#SDSU Courses/CSC 244 - Digital Logic/Digital-Logic-CSC244/SV Modules Bank/ALUcontroller.sv Line: 38
Info (12021): Found 1 design units, including 1 entities, in source file /onedrive - south dakota state university - sdsu/#sdsu courses/csc 244 - digital logic/digital-logic-csc244/sv modules bank/alu.sv
    Info (12023): Found entity 1: ALU File: D:/OneDrive - South Dakota State University - SDSU/#SDSU Courses/CSC 244 - Digital Logic/Digital-Logic-CSC244/SV Modules Bank/ALU.sv Line: 1
Info (12021): Found 1 design units, including 1 entities, in source file /onedrive - south dakota state university - sdsu/#sdsu courses/csc 244 - digital logic/digital-logic-csc244/sv modules bank/addsub4.sv
    Info (12023): Found entity 1: addsub4 File: D:/OneDrive - South Dakota State University - SDSU/#SDSU Courses/CSC 244 - Digital Logic/Digital-Logic-CSC244/SV Modules Bank/addsub4.sv Line: 2
Info (12021): Found 1 design units, including 1 entities, in source file /onedrive - south dakota state university - sdsu/#sdsu courses/csc 244 - digital logic/digital-logic-csc244/sv modules bank/adder4.sv
    Info (12023): Found entity 1: adder4 File: D:/OneDrive - South Dakota State University - SDSU/#SDSU Courses/CSC 244 - Digital Logic/Digital-Logic-CSC244/SV Modules Bank/adder4.sv Line: 4
Warning (10236): Verilog HDL Implicit Net warning at giant_counter.sv(15): created implicit net for "clean_clk" File: D:/OneDrive - South Dakota State University - SDSU/#SDSU Courses/CSC 244 - Digital Logic/Digital-Logic-CSC244/SV Modules Bank/giant_counter.sv Line: 15
Warning (10236): Verilog HDL Implicit Net warning at giant_counter.sv(19): created implicit net for "CLK_50" File: D:/OneDrive - South Dakota State University - SDSU/#SDSU Courses/CSC 244 - Digital Logic/Digital-Logic-CSC244/SV Modules Bank/giant_counter.sv Line: 19
Warning (10236): Verilog HDL Implicit Net warning at giant_counter.sv(20): created implicit net for "reset" File: D:/OneDrive - South Dakota State University - SDSU/#SDSU Courses/CSC 244 - Digital Logic/Digital-Logic-CSC244/SV Modules Bank/giant_counter.sv Line: 20
Warning (10236): Verilog HDL Implicit Net warning at counter26bit.sv(43): created implicit net for "LD" File: D:/OneDrive - South Dakota State University - SDSU/#SDSU Courses/CSC 244 - Digital Logic/Digital-Logic-CSC244/SV Modules Bank/counter26bit.sv Line: 43
Warning (10236): Verilog HDL Implicit Net warning at counter26bit.sv(44): created implicit net for "CLR" File: D:/OneDrive - South Dakota State University - SDSU/#SDSU Courses/CSC 244 - Digital Logic/Digital-Logic-CSC244/SV Modules Bank/counter26bit.sv Line: 44
Warning (10236): Verilog HDL Implicit Net warning at counter26bit.sv(66): created implicit net for "rco" File: D:/OneDrive - South Dakota State University - SDSU/#SDSU Courses/CSC 244 - Digital Logic/Digital-Logic-CSC244/SV Modules Bank/counter26bit.sv Line: 66
Info (12127): Elaborating entity "giant_counter" for the top level hierarchy
Info (12128): Elaborating entity "debouncer" for hierarchy "debouncer:debouncer_inst" File: D:/OneDrive - South Dakota State University - SDSU/#SDSU Courses/CSC 244 - Digital Logic/Digital-Logic-CSC244/SV Modules Bank/giant_counter.sv Line: 16
Info (12128): Elaborating entity "counter26bit" for hierarchy "counter26bit:counter_inst" File: D:/OneDrive - South Dakota State University - SDSU/#SDSU Courses/CSC 244 - Digital Logic/Digital-Logic-CSC244/SV Modules Bank/giant_counter.sv Line: 22
Warning (10036): Verilog HDL or VHDL warning at counter26bit.sv(66): object "rco" assigned a value but never read File: D:/OneDrive - South Dakota State University - SDSU/#SDSU Courses/CSC 244 - Digital Logic/Digital-Logic-CSC244/SV Modules Bank/counter26bit.sv Line: 66
Warning (13024): Output pins are stuck at VCC or GND
    Warning (13410): Pin "LED0" is stuck at GND File: D:/OneDrive - South Dakota State University - SDSU/#SDSU Courses/CSC 244 - Digital Logic/Digital-Logic-CSC244/SV Modules Bank/giant_counter.sv Line: 6
Info (17049): 2 registers lost all their fanouts during netlist optimizations.
Info (144001): Generated suppressed messages file D:/OneDrive - South Dakota State University - SDSU/#SDSU Courses/CSC 244 - Digital Logic/Digital-Logic-CSC244/Lab 8 - Counters Shift Reg/L8 Giant Counter/output_files/giant_counter.map.smsg
Info (16010): Generating hard_block partition "hard_block:auto_generated_inst"
    Info (16011): Adding 0 node(s), including 0 DDIO, 0 PLL, 0 transceiver and 0 LCELL
Warning (21074): Design contains 2 input pin(s) that do not drive logic
    Warning (15610): No output dependent on input pin "KEY0" File: D:/OneDrive - South Dakota State University - SDSU/#SDSU Courses/CSC 244 - Digital Logic/Digital-Logic-CSC244/SV Modules Bank/giant_counter.sv Line: 2
    Warning (15610): No output dependent on input pin "CLK50M" File: D:/OneDrive - South Dakota State University - SDSU/#SDSU Courses/CSC 244 - Digital Logic/Digital-Logic-CSC244/SV Modules Bank/giant_counter.sv Line: 3
Info (21057): Implemented 3 device resources after synthesis - the final resource count might be different
    Info (21058): Implemented 2 input pins
    Info (21059): Implemented 1 output pins
Info: Quartus Prime Analysis & Synthesis was successful. 0 errors, 14 warnings
    Info: Peak virtual memory: 4750 megabytes
    Info: Processing ended: Wed Nov  8 17:16:21 2023
    Info: Elapsed time: 00:00:07
    Info: Total CPU time (on all processors): 00:00:03


+------------------------------------------+
; Analysis & Synthesis Suppressed Messages ;
+------------------------------------------+
The suppressed messages can be found in D:/OneDrive - South Dakota State University - SDSU/#SDSU Courses/CSC 244 - Digital Logic/Digital-Logic-CSC244/Lab 8 - Counters Shift Reg/L8 Giant Counter/output_files/giant_counter.map.smsg.


