Analysis & Synthesis report for L7Multiplier
Thu Oct 26 10:05:40 2023
Quartus Prime Version 22.1std.1 Build 917 02/14/2023 SC Lite Edition


---------------------
; Table of Contents ;
---------------------
  1. Legal Notice
  2. Analysis & Synthesis Summary
  3. Analysis & Synthesis Settings
  4. Parallel Compilation
  5. Analysis & Synthesis Source Files Read
  6. Analysis & Synthesis Resource Usage Summary
  7. Analysis & Synthesis Resource Utilization by Entity
  8. General Register Statistics
  9. Port Connectivity Checks: "decimal7decoder:decP1"
 10. Port Connectivity Checks: "decimal7decoder:decP0"
 11. Port Connectivity Checks: "decimal7decoder:decB"
 12. Port Connectivity Checks: "decimal7decoder:decA"
 13. Port Connectivity Checks: "mult4:my_multiplier|PP4:pp0|adder4:my_adder"
 14. Port Connectivity Checks: "mult4:my_multiplier|PP4:pp0"
 15. Post-Synthesis Netlist Statistics for Top Partition
 16. Elapsed Time Per Partition
 17. Analysis & Synthesis Messages
 18. Analysis & Synthesis Suppressed Messages



----------------
; Legal Notice ;
----------------
Copyright (C) 2023  Intel Corporation. All rights reserved.
Your use of Intel Corporation's design tools, logic functions 
and other software and tools, and any partner logic 
functions, and any output files from any of the foregoing 
(including device programming or simulation files), and any 
associated documentation or information are expressly subject 
to the terms and conditions of the Intel Program License 
Subscription Agreement, the Intel Quartus Prime License Agreement,
the Intel FPGA IP License Agreement, or other applicable license
agreement, including, without limitation, that your use is for
the sole purpose of programming logic devices manufactured by
Intel and sold by Intel or its authorized distributors.  Please
refer to the applicable agreement for further details, at
https://fpgasoftware.intel.com/eula.



+-------------------------------------------------------------------------------------+
; Analysis & Synthesis Summary                                                        ;
+------------------------------------+------------------------------------------------+
; Analysis & Synthesis Status        ; Successful - Thu Oct 26 10:05:40 2023          ;
; Quartus Prime Version              ; 22.1std.1 Build 917 02/14/2023 SC Lite Edition ;
; Revision Name                      ; L7Multiplier                                   ;
; Top-level Entity Name              ; L7Multiplier                                   ;
; Family                             ; MAX 10                                         ;
; Total logic elements               ; 22                                             ;
;     Total combinational functions  ; 22                                             ;
;     Dedicated logic registers      ; 0                                              ;
; Total registers                    ; 0                                              ;
; Total pins                         ; 36                                             ;
; Total virtual pins                 ; 0                                              ;
; Total memory bits                  ; 0                                              ;
; Embedded Multiplier 9-bit elements ; 0                                              ;
; Total PLLs                         ; 0                                              ;
; UFM blocks                         ; 0                                              ;
; ADC blocks                         ; 0                                              ;
+------------------------------------+------------------------------------------------+


+------------------------------------------------------------------------------------------------------------+
; Analysis & Synthesis Settings                                                                              ;
+------------------------------------------------------------------+--------------------+--------------------+
; Option                                                           ; Setting            ; Default Value      ;
+------------------------------------------------------------------+--------------------+--------------------+
; Device                                                           ; 10M50DAF484C7G     ;                    ;
; Top-level entity name                                            ; L7Multiplier       ; L7Multiplier       ;
; Family name                                                      ; MAX 10             ; Cyclone V          ;
; Use smart compilation                                            ; Off                ; Off                ;
; Enable parallel Assembler and Timing Analyzer during compilation ; On                 ; On                 ;
; Enable compact report table                                      ; Off                ; Off                ;
; Restructure Multiplexers                                         ; Auto               ; Auto               ;
; Create Debugging Nodes for IP Cores                              ; Off                ; Off                ;
; Preserve fewer node names                                        ; On                 ; On                 ;
; Intel FPGA IP Evaluation Mode                                    ; Enable             ; Enable             ;
; Verilog Version                                                  ; Verilog_2001       ; Verilog_2001       ;
; VHDL Version                                                     ; VHDL_1993          ; VHDL_1993          ;
; State Machine Processing                                         ; Auto               ; Auto               ;
; Safe State Machine                                               ; Off                ; Off                ;
; Extract Verilog State Machines                                   ; On                 ; On                 ;
; Extract VHDL State Machines                                      ; On                 ; On                 ;
; Ignore Verilog initial constructs                                ; Off                ; Off                ;
; Iteration limit for constant Verilog loops                       ; 5000               ; 5000               ;
; Iteration limit for non-constant Verilog loops                   ; 250                ; 250                ;
; Add Pass-Through Logic to Inferred RAMs                          ; On                 ; On                 ;
; Infer RAMs from Raw Logic                                        ; On                 ; On                 ;
; Parallel Synthesis                                               ; On                 ; On                 ;
; DSP Block Balancing                                              ; Auto               ; Auto               ;
; NOT Gate Push-Back                                               ; On                 ; On                 ;
; Power-Up Don't Care                                              ; On                 ; On                 ;
; Remove Redundant Logic Cells                                     ; Off                ; Off                ;
; Remove Duplicate Registers                                       ; On                 ; On                 ;
; Ignore CARRY Buffers                                             ; Off                ; Off                ;
; Ignore CASCADE Buffers                                           ; Off                ; Off                ;
; Ignore GLOBAL Buffers                                            ; Off                ; Off                ;
; Ignore ROW GLOBAL Buffers                                        ; Off                ; Off                ;
; Ignore LCELL Buffers                                             ; Off                ; Off                ;
; Ignore SOFT Buffers                                              ; On                 ; On                 ;
; Limit AHDL Integers to 32 Bits                                   ; Off                ; Off                ;
; Optimization Technique                                           ; Balanced           ; Balanced           ;
; Carry Chain Length                                               ; 70                 ; 70                 ;
; Auto Carry Chains                                                ; On                 ; On                 ;
; Auto Open-Drain Pins                                             ; On                 ; On                 ;
; Perform WYSIWYG Primitive Resynthesis                            ; Off                ; Off                ;
; Auto ROM Replacement                                             ; On                 ; On                 ;
; Auto RAM Replacement                                             ; On                 ; On                 ;
; Auto DSP Block Replacement                                       ; On                 ; On                 ;
; Auto Shift Register Replacement                                  ; Auto               ; Auto               ;
; Allow Shift Register Merging across Hierarchies                  ; Auto               ; Auto               ;
; Auto Clock Enable Replacement                                    ; On                 ; On                 ;
; Strict RAM Replacement                                           ; Off                ; Off                ;
; Allow Synchronous Control Signals                                ; On                 ; On                 ;
; Force Use of Synchronous Clear Signals                           ; Off                ; Off                ;
; Auto RAM Block Balancing                                         ; On                 ; On                 ;
; Auto RAM to Logic Cell Conversion                                ; Off                ; Off                ;
; Auto Resource Sharing                                            ; Off                ; Off                ;
; Allow Any RAM Size For Recognition                               ; Off                ; Off                ;
; Allow Any ROM Size For Recognition                               ; Off                ; Off                ;
; Allow Any Shift Register Size For Recognition                    ; Off                ; Off                ;
; Use LogicLock Constraints during Resource Balancing              ; On                 ; On                 ;
; Ignore translate_off and synthesis_off directives                ; Off                ; Off                ;
; Timing-Driven Synthesis                                          ; On                 ; On                 ;
; Report Parameter Settings                                        ; On                 ; On                 ;
; Report Source Assignments                                        ; On                 ; On                 ;
; Report Connectivity Checks                                       ; On                 ; On                 ;
; Ignore Maximum Fan-Out Assignments                               ; Off                ; Off                ;
; Synchronization Register Chain Length                            ; 2                  ; 2                  ;
; Power Optimization During Synthesis                              ; Normal compilation ; Normal compilation ;
; HDL message level                                                ; Level2             ; Level2             ;
; Suppress Register Optimization Related Messages                  ; Off                ; Off                ;
; Number of Removed Registers Reported in Synthesis Report         ; 5000               ; 5000               ;
; Number of Swept Nodes Reported in Synthesis Report               ; 5000               ; 5000               ;
; Number of Inverted Registers Reported in Synthesis Report        ; 100                ; 100                ;
; Clock MUX Protection                                             ; On                 ; On                 ;
; Auto Gated Clock Conversion                                      ; Off                ; Off                ;
; Block Design Naming                                              ; Auto               ; Auto               ;
; SDC constraint protection                                        ; Off                ; Off                ;
; Synthesis Effort                                                 ; Auto               ; Auto               ;
; Shift Register Replacement - Allow Asynchronous Clear Signal     ; On                 ; On                 ;
; Pre-Mapping Resynthesis Optimization                             ; Off                ; Off                ;
; Analysis & Synthesis Message Level                               ; Medium             ; Medium             ;
; Disable Register Merging Across Hierarchies                      ; Auto               ; Auto               ;
; Resource Aware Inference For Block RAM                           ; On                 ; On                 ;
+------------------------------------------------------------------+--------------------+--------------------+


+------------------------------------------+
; Parallel Compilation                     ;
+----------------------------+-------------+
; Processors                 ; Number      ;
+----------------------------+-------------+
; Number detected on machine ; 12          ;
; Maximum allowed            ; 10          ;
;                            ;             ;
; Average used               ; 1.00        ;
; Maximum used               ; 1           ;
;                            ;             ;
; Usage by Processor         ; % Time Used ;
;     Processor 1            ; 100.0%      ;
+----------------------------+-------------+


+------------------------------------------------------------------------------------------------------------------------------------------------------------------------------------------------------------------------------------------------------------------------------------+
; Analysis & Synthesis Source Files Read                                                                                                                                                                                                                                             ;
+----------------------------------+-----------------+------------------------------+--------------------------------------------------------------------------------------------------------------------------------------------------------------------------------------+---------+
; File Name with User-Entered Path ; Used in Netlist ; File Type                    ; File Name with Absolute Path                                                                                                                                                         ; Library ;
+----------------------------------+-----------------+------------------------------+--------------------------------------------------------------------------------------------------------------------------------------------------------------------------------------+---------+
; ../SV Files/fulladder.sv         ; yes             ; User SystemVerilog HDL File  ; C:/Users/akujo_2rtofyy/OneDrive - South Dakota State University - SDSU/#SDSU Courses/CSC 244 - Digital Logic/Digital-Logic-CSC244/Lab 7 - Multiplier ALU/SV Files/fulladder.sv       ;         ;
; ../SV Files/adder4.sv            ; yes             ; User SystemVerilog HDL File  ; C:/Users/akujo_2rtofyy/OneDrive - South Dakota State University - SDSU/#SDSU Courses/CSC 244 - Digital Logic/Digital-Logic-CSC244/Lab 7 - Multiplier ALU/SV Files/adder4.sv          ;         ;
; ../SV Files/partialproduct4.sv   ; yes             ; User SystemVerilog HDL File  ; C:/Users/akujo_2rtofyy/OneDrive - South Dakota State University - SDSU/#SDSU Courses/CSC 244 - Digital Logic/Digital-Logic-CSC244/Lab 7 - Multiplier ALU/SV Files/partialproduct4.sv ;         ;
; ../SV Files/mult4.sv             ; yes             ; User SystemVerilog HDL File  ; C:/Users/akujo_2rtofyy/OneDrive - South Dakota State University - SDSU/#SDSU Courses/CSC 244 - Digital Logic/Digital-Logic-CSC244/Lab 7 - Multiplier ALU/SV Files/mult4.sv           ;         ;
; ../SV Files/L7Multiplier.sv      ; yes             ; User SystemVerilog HDL File  ; C:/Users/akujo_2rtofyy/OneDrive - South Dakota State University - SDSU/#SDSU Courses/CSC 244 - Digital Logic/Digital-Logic-CSC244/Lab 7 - Multiplier ALU/SV Files/L7Multiplier.sv    ;         ;
; ../SV Files/decimal7decoder.sv   ; yes             ; User SystemVerilog HDL File  ; C:/Users/akujo_2rtofyy/OneDrive - South Dakota State University - SDSU/#SDSU Courses/CSC 244 - Digital Logic/Digital-Logic-CSC244/Lab 7 - Multiplier ALU/SV Files/decimal7decoder.sv ;         ;
+----------------------------------+-----------------+------------------------------+--------------------------------------------------------------------------------------------------------------------------------------------------------------------------------------+---------+


+----------------------------------------------------------+
; Analysis & Synthesis Resource Usage Summary              ;
+---------------------------------------------+------------+
; Resource                                    ; Usage      ;
+---------------------------------------------+------------+
; Estimated Total logic elements              ; 22         ;
;                                             ;            ;
; Total combinational functions               ; 22         ;
; Logic element usage by number of LUT inputs ;            ;
;     -- 4 input functions                    ; 16         ;
;     -- 3 input functions                    ; 1          ;
;     -- <=2 input functions                  ; 5          ;
;                                             ;            ;
; Logic elements by mode                      ;            ;
;     -- normal mode                          ; 22         ;
;     -- arithmetic mode                      ; 0          ;
;                                             ;            ;
; Total registers                             ; 0          ;
;     -- Dedicated logic registers            ; 0          ;
;     -- I/O registers                        ; 0          ;
;                                             ;            ;
; I/O pins                                    ; 36         ;
;                                             ;            ;
; Embedded Multiplier 9-bit elements          ; 0          ;
;                                             ;            ;
; Maximum fan-out node                        ; A[1]~input ;
; Maximum fan-out                             ; 13         ;
; Total fan-out                               ; 139        ;
; Average fan-out                             ; 1.48       ;
+---------------------------------------------+------------+


+--------------------------------------------------------------------------------------------------------------------------------------------------------------------------------------------------------------------------------------------------------+
; Analysis & Synthesis Resource Utilization by Entity                                                                                                                                                                                                    ;
+----------------------------+---------------------+---------------------------+-------------+------------+--------------+---------+-----------+------+--------------+------------+-------------------------------------+-----------------+--------------+
; Compilation Hierarchy Node ; Combinational ALUTs ; Dedicated Logic Registers ; Memory Bits ; UFM Blocks ; DSP Elements ; DSP 9x9 ; DSP 18x18 ; Pins ; Virtual Pins ; ADC blocks ; Full Hierarchy Name                 ; Entity Name     ; Library Name ;
+----------------------------+---------------------+---------------------------+-------------+------------+--------------+---------+-----------+------+--------------+------------+-------------------------------------+-----------------+--------------+
; |L7Multiplier              ; 22 (0)              ; 0 (0)                     ; 0           ; 0          ; 0            ; 0       ; 0         ; 36   ; 0            ; 0          ; |L7Multiplier                       ; L7Multiplier    ; work         ;
;    |decimal7decoder:decA|  ; 7 (7)               ; 0 (0)                     ; 0           ; 0          ; 0            ; 0       ; 0         ; 0    ; 0            ; 0          ; |L7Multiplier|decimal7decoder:decA  ; decimal7decoder ; work         ;
;    |decimal7decoder:decB|  ; 7 (7)               ; 0 (0)                     ; 0           ; 0          ; 0            ; 0       ; 0         ; 0    ; 0            ; 0          ; |L7Multiplier|decimal7decoder:decB  ; decimal7decoder ; work         ;
;    |decimal7decoder:decP0| ; 3 (3)               ; 0 (0)                     ; 0           ; 0          ; 0            ; 0       ; 0         ; 0    ; 0            ; 0          ; |L7Multiplier|decimal7decoder:decP0 ; decimal7decoder ; work         ;
;    |decimal7decoder:decP1| ; 5 (5)               ; 0 (0)                     ; 0           ; 0          ; 0            ; 0       ; 0         ; 0    ; 0            ; 0          ; |L7Multiplier|decimal7decoder:decP1 ; decimal7decoder ; work         ;
+----------------------------+---------------------+---------------------------+-------------+------------+--------------+---------+-----------+------+--------------+------------+-------------------------------------+-----------------+--------------+
Note: For table entries with two numbers listed, the numbers in parentheses indicate the number of resources of the given type used by the specific entity alone. The numbers listed outside of parentheses indicate the total resources of the given type used by the specific entity and all of its sub-entities in the hierarchy.


+------------------------------------------------------+
; General Register Statistics                          ;
+----------------------------------------------+-------+
; Statistic                                    ; Value ;
+----------------------------------------------+-------+
; Total registers                              ; 0     ;
; Number of registers using Synchronous Clear  ; 0     ;
; Number of registers using Synchronous Load   ; 0     ;
; Number of registers using Asynchronous Clear ; 0     ;
; Number of registers using Asynchronous Load  ; 0     ;
; Number of registers using Clock Enable       ; 0     ;
; Number of registers using Preset             ; 0     ;
+----------------------------------------------+-------+


+-------------------------------------------------------------------------------------------------------------------+
; Port Connectivity Checks: "decimal7decoder:decP1"                                                                 ;
+---------+--------+----------+-------------------------------------------------------------------------------------+
; Port    ; Type   ; Severity ; Details                                                                             ;
+---------+--------+----------+-------------------------------------------------------------------------------------+
; signHEX ; Output ; Info     ; Connected to dangling logic. Logic that only feeds a dangling port will be removed. ;
+---------+--------+----------+-------------------------------------------------------------------------------------+


+-------------------------------------------------------------------------------------------------------------------+
; Port Connectivity Checks: "decimal7decoder:decP0"                                                                 ;
+---------+--------+----------+-------------------------------------------------------------------------------------+
; Port    ; Type   ; Severity ; Details                                                                             ;
+---------+--------+----------+-------------------------------------------------------------------------------------+
; signHEX ; Output ; Info     ; Connected to dangling logic. Logic that only feeds a dangling port will be removed. ;
+---------+--------+----------+-------------------------------------------------------------------------------------+


+-------------------------------------------------------------------------------------------------------------------+
; Port Connectivity Checks: "decimal7decoder:decB"                                                                  ;
+---------+--------+----------+-------------------------------------------------------------------------------------+
; Port    ; Type   ; Severity ; Details                                                                             ;
+---------+--------+----------+-------------------------------------------------------------------------------------+
; signHEX ; Output ; Info     ; Connected to dangling logic. Logic that only feeds a dangling port will be removed. ;
+---------+--------+----------+-------------------------------------------------------------------------------------+


+-------------------------------------------------------------------------------------------------------------------+
; Port Connectivity Checks: "decimal7decoder:decA"                                                                  ;
+---------+--------+----------+-------------------------------------------------------------------------------------+
; Port    ; Type   ; Severity ; Details                                                                             ;
+---------+--------+----------+-------------------------------------------------------------------------------------+
; signHEX ; Output ; Info     ; Connected to dangling logic. Logic that only feeds a dangling port will be removed. ;
+---------+--------+----------+-------------------------------------------------------------------------------------+


+-----------------------------------------------------------------------------------------------------------------------------------------------------------------------------------------------------------------+
; Port Connectivity Checks: "mult4:my_multiplier|PP4:pp0|adder4:my_adder"                                                                                                                                         ;
+--------+--------+----------+------------------------------------------------------------------------------------------------------------------------------------------------------------------------------------+
; Port   ; Type   ; Severity ; Details                                                                                                                                                                            ;
+--------+--------+----------+------------------------------------------------------------------------------------------------------------------------------------------------------------------------------------+
; C0     ; Input  ; Warning  ; Input port expression (32 bits) is wider than the input port (1 bits) it drives.  The 31 most-significant bit(s) in the expression will be dangling if they have no other fanouts. ;
; C0[-1] ; Input  ; Info     ; Stuck at GND                                                                                                                                                                       ;
; V      ; Output ; Info     ; Connected to dangling logic. Logic that only feeds a dangling port will be removed.                                                                                                ;
+--------+--------+----------+------------------------------------------------------------------------------------------------------------------------------------------------------------------------------------+


+---------------------------------------------------------+
; Port Connectivity Checks: "mult4:my_multiplier|PP4:pp0" ;
+---------+-------+----------+----------------------------+
; Port    ; Type  ; Severity ; Details                    ;
+---------+-------+----------+----------------------------+
; PP_prev ; Input ; Info     ; Stuck at GND               ;
+---------+-------+----------+----------------------------+


+-----------------------------------------------------+
; Post-Synthesis Netlist Statistics for Top Partition ;
+-----------------------+-----------------------------+
; Type                  ; Count                       ;
+-----------------------+-----------------------------+
; boundary_port         ; 36                          ;
; cycloneiii_lcell_comb ; 28                          ;
;     normal            ; 28                          ;
;         0 data inputs ; 1                           ;
;         1 data inputs ; 5                           ;
;         2 data inputs ; 5                           ;
;         3 data inputs ; 1                           ;
;         4 data inputs ; 16                          ;
;                       ;                             ;
; Max LUT depth         ; 2.00                        ;
; Average LUT depth     ; 1.47                        ;
+-----------------------+-----------------------------+


+-------------------------------+
; Elapsed Time Per Partition    ;
+----------------+--------------+
; Partition Name ; Elapsed Time ;
+----------------+--------------+
; Top            ; 00:00:00     ;
+----------------+--------------+


+-------------------------------+
; Analysis & Synthesis Messages ;
+-------------------------------+
Info: *******************************************************************
Info: Running Quartus Prime Analysis & Synthesis
    Info: Version 22.1std.1 Build 917 02/14/2023 SC Lite Edition
    Info: Processing started: Thu Oct 26 10:05:29 2023
Info: Command: quartus_map --read_settings_files=on --write_settings_files=off L7Multiplier -c L7Multiplier
Warning (18236): Number of processors has not been specified which may cause overloading on shared machines.  Set the global assignment NUM_PARALLEL_PROCESSORS in your QSF to an appropriate value for best performance.
Info (20030): Parallel compilation is enabled and will use 10 of the 10 processors detected
Info (12021): Found 1 design units, including 1 entities, in source file /users/akujo_2rtofyy/onedrive - south dakota state university - sdsu/#sdsu courses/csc 244 - digital logic/digital-logic-csc244/lab 7 - multiplier alu/sv files/fulladder.sv
    Info (12023): Found entity 1: fulladder File: C:/Users/akujo_2rtofyy/OneDrive - South Dakota State University - SDSU/#SDSU Courses/CSC 244 - Digital Logic/Digital-Logic-CSC244/Lab 7 - Multiplier ALU/SV Files/fulladder.sv Line: 13
Info (12021): Found 1 design units, including 1 entities, in source file /users/akujo_2rtofyy/onedrive - south dakota state university - sdsu/#sdsu courses/csc 244 - digital logic/digital-logic-csc244/lab 7 - multiplier alu/sv files/adder4.sv
    Info (12023): Found entity 1: adder4 File: C:/Users/akujo_2rtofyy/OneDrive - South Dakota State University - SDSU/#SDSU Courses/CSC 244 - Digital Logic/Digital-Logic-CSC244/Lab 7 - Multiplier ALU/SV Files/adder4.sv Line: 4
Info (12021): Found 1 design units, including 1 entities, in source file /users/akujo_2rtofyy/onedrive - south dakota state university - sdsu/#sdsu courses/csc 244 - digital logic/digital-logic-csc244/lab 7 - multiplier alu/sv files/partialproduct4.sv
    Info (12023): Found entity 1: PP4 File: C:/Users/akujo_2rtofyy/OneDrive - South Dakota State University - SDSU/#SDSU Courses/CSC 244 - Digital Logic/Digital-Logic-CSC244/Lab 7 - Multiplier ALU/SV Files/partialproduct4.sv Line: 2
Warning (12090): Entity "mult4" obtained from "../SV Files/mult4.sv" instead of from Quartus Prime megafunction library File: C:/Users/akujo_2rtofyy/OneDrive - South Dakota State University - SDSU/#SDSU Courses/CSC 244 - Digital Logic/Digital-Logic-CSC244/Lab 7 - Multiplier ALU/SV Files/mult4.sv Line: 2
Info (12021): Found 1 design units, including 1 entities, in source file /users/akujo_2rtofyy/onedrive - south dakota state university - sdsu/#sdsu courses/csc 244 - digital logic/digital-logic-csc244/lab 7 - multiplier alu/sv files/mult4.sv
    Info (12023): Found entity 1: mult4 File: C:/Users/akujo_2rtofyy/OneDrive - South Dakota State University - SDSU/#SDSU Courses/CSC 244 - Digital Logic/Digital-Logic-CSC244/Lab 7 - Multiplier ALU/SV Files/mult4.sv Line: 2
Info (12021): Found 1 design units, including 1 entities, in source file /users/akujo_2rtofyy/onedrive - south dakota state university - sdsu/#sdsu courses/csc 244 - digital logic/digital-logic-csc244/lab 7 - multiplier alu/sv files/l7multiplier.sv
    Info (12023): Found entity 1: L7Multiplier File: C:/Users/akujo_2rtofyy/OneDrive - South Dakota State University - SDSU/#SDSU Courses/CSC 244 - Digital Logic/Digital-Logic-CSC244/Lab 7 - Multiplier ALU/SV Files/L7Multiplier.sv Line: 2
Info (12021): Found 1 design units, including 1 entities, in source file /users/akujo_2rtofyy/onedrive - south dakota state university - sdsu/#sdsu courses/csc 244 - digital logic/digital-logic-csc244/lab 7 - multiplier alu/sv files/decimal7decoder.sv
    Info (12023): Found entity 1: decimal7decoder File: C:/Users/akujo_2rtofyy/OneDrive - South Dakota State University - SDSU/#SDSU Courses/CSC 244 - Digital Logic/Digital-Logic-CSC244/Lab 7 - Multiplier ALU/SV Files/decimal7decoder.sv Line: 2
Info (12127): Elaborating entity "L7Multiplier" for the top level hierarchy
Info (12128): Elaborating entity "mult4" for hierarchy "mult4:my_multiplier" File: C:/Users/akujo_2rtofyy/OneDrive - South Dakota State University - SDSU/#SDSU Courses/CSC 244 - Digital Logic/Digital-Logic-CSC244/Lab 7 - Multiplier ALU/SV Files/L7Multiplier.sv Line: 22
Info (12128): Elaborating entity "PP4" for hierarchy "mult4:my_multiplier|PP4:pp0" File: C:/Users/akujo_2rtofyy/OneDrive - South Dakota State University - SDSU/#SDSU Courses/CSC 244 - Digital Logic/Digital-Logic-CSC244/Lab 7 - Multiplier ALU/SV Files/mult4.sv Line: 11
Info (12128): Elaborating entity "adder4" for hierarchy "mult4:my_multiplier|PP4:pp0|adder4:my_adder" File: C:/Users/akujo_2rtofyy/OneDrive - South Dakota State University - SDSU/#SDSU Courses/CSC 244 - Digital Logic/Digital-Logic-CSC244/Lab 7 - Multiplier ALU/SV Files/partialproduct4.sv Line: 13
Info (12128): Elaborating entity "fulladder" for hierarchy "mult4:my_multiplier|PP4:pp0|adder4:my_adder|fulladder:fa0" File: C:/Users/akujo_2rtofyy/OneDrive - South Dakota State University - SDSU/#SDSU Courses/CSC 244 - Digital Logic/Digital-Logic-CSC244/Lab 7 - Multiplier ALU/SV Files/adder4.sv Line: 14
Info (12128): Elaborating entity "decimal7decoder" for hierarchy "decimal7decoder:decA" File: C:/Users/akujo_2rtofyy/OneDrive - South Dakota State University - SDSU/#SDSU Courses/CSC 244 - Digital Logic/Digital-Logic-CSC244/Lab 7 - Multiplier ALU/SV Files/L7Multiplier.sv Line: 32
Warning (10272): Verilog HDL Case Statement warning at decimal7decoder.sv(33): case item expression covers a value already covered by a previous case item File: C:/Users/akujo_2rtofyy/OneDrive - South Dakota State University - SDSU/#SDSU Courses/CSC 244 - Digital Logic/Digital-Logic-CSC244/Lab 7 - Multiplier ALU/SV Files/decimal7decoder.sv Line: 33
Warning (10272): Verilog HDL Case Statement warning at decimal7decoder.sv(34): case item expression covers a value already covered by a previous case item File: C:/Users/akujo_2rtofyy/OneDrive - South Dakota State University - SDSU/#SDSU Courses/CSC 244 - Digital Logic/Digital-Logic-CSC244/Lab 7 - Multiplier ALU/SV Files/decimal7decoder.sv Line: 34
Warning (10272): Verilog HDL Case Statement warning at decimal7decoder.sv(35): case item expression covers a value already covered by a previous case item File: C:/Users/akujo_2rtofyy/OneDrive - South Dakota State University - SDSU/#SDSU Courses/CSC 244 - Digital Logic/Digital-Logic-CSC244/Lab 7 - Multiplier ALU/SV Files/decimal7decoder.sv Line: 35
Warning (10272): Verilog HDL Case Statement warning at decimal7decoder.sv(36): case item expression covers a value already covered by a previous case item File: C:/Users/akujo_2rtofyy/OneDrive - South Dakota State University - SDSU/#SDSU Courses/CSC 244 - Digital Logic/Digital-Logic-CSC244/Lab 7 - Multiplier ALU/SV Files/decimal7decoder.sv Line: 36
Warning (10272): Verilog HDL Case Statement warning at decimal7decoder.sv(37): case item expression covers a value already covered by a previous case item File: C:/Users/akujo_2rtofyy/OneDrive - South Dakota State University - SDSU/#SDSU Courses/CSC 244 - Digital Logic/Digital-Logic-CSC244/Lab 7 - Multiplier ALU/SV Files/decimal7decoder.sv Line: 37
Warning (10272): Verilog HDL Case Statement warning at decimal7decoder.sv(38): case item expression covers a value already covered by a previous case item File: C:/Users/akujo_2rtofyy/OneDrive - South Dakota State University - SDSU/#SDSU Courses/CSC 244 - Digital Logic/Digital-Logic-CSC244/Lab 7 - Multiplier ALU/SV Files/decimal7decoder.sv Line: 38
Warning (10272): Verilog HDL Case Statement warning at decimal7decoder.sv(39): case item expression covers a value already covered by a previous case item File: C:/Users/akujo_2rtofyy/OneDrive - South Dakota State University - SDSU/#SDSU Courses/CSC 244 - Digital Logic/Digital-Logic-CSC244/Lab 7 - Multiplier ALU/SV Files/decimal7decoder.sv Line: 39
Warning (10272): Verilog HDL Case Statement warning at decimal7decoder.sv(40): case item expression covers a value already covered by a previous case item File: C:/Users/akujo_2rtofyy/OneDrive - South Dakota State University - SDSU/#SDSU Courses/CSC 244 - Digital Logic/Digital-Logic-CSC244/Lab 7 - Multiplier ALU/SV Files/decimal7decoder.sv Line: 40
Warning (12020): Port "ordered port 2" on the entity instantiation of "my_adder" is connected to a signal of width 32. The formal width of the signal in the module is 1.  The extra bits will be ignored. File: C:/Users/akujo_2rtofyy/OneDrive - South Dakota State University - SDSU/#SDSU Courses/CSC 244 - Digital Logic/Digital-Logic-CSC244/Lab 7 - Multiplier ALU/SV Files/partialproduct4.sv Line: 13
Warning (12020): Port "ordered port 2" on the entity instantiation of "my_adder" is connected to a signal of width 32. The formal width of the signal in the module is 1.  The extra bits will be ignored. File: C:/Users/akujo_2rtofyy/OneDrive - South Dakota State University - SDSU/#SDSU Courses/CSC 244 - Digital Logic/Digital-Logic-CSC244/Lab 7 - Multiplier ALU/SV Files/partialproduct4.sv Line: 13
Warning (12020): Port "ordered port 2" on the entity instantiation of "my_adder" is connected to a signal of width 32. The formal width of the signal in the module is 1.  The extra bits will be ignored. File: C:/Users/akujo_2rtofyy/OneDrive - South Dakota State University - SDSU/#SDSU Courses/CSC 244 - Digital Logic/Digital-Logic-CSC244/Lab 7 - Multiplier ALU/SV Files/partialproduct4.sv Line: 13
Warning (12241): 1 hierarchies have connectivity warnings - see the Connectivity Checks report folder
Warning (13024): Output pins are stuck at VCC or GND
    Warning (13410): Pin "HEXP0[5]" is stuck at GND File: C:/Users/akujo_2rtofyy/OneDrive - South Dakota State University - SDSU/#SDSU Courses/CSC 244 - Digital Logic/Digital-Logic-CSC244/Lab 7 - Multiplier ALU/SV Files/L7Multiplier.sv Line: 9
Info (286030): Timing-Driven Synthesis is running
Info (144001): Generated suppressed messages file C:/Users/akujo_2rtofyy/OneDrive - South Dakota State University - SDSU/#SDSU Courses/CSC 244 - Digital Logic/Digital-Logic-CSC244/Lab 7 - Multiplier ALU/L7 Multiplier/output_files/L7Multiplier.map.smsg
Info (16010): Generating hard_block partition "hard_block:auto_generated_inst"
    Info (16011): Adding 0 node(s), including 0 DDIO, 0 PLL, 0 transceiver and 0 LCELL
Info (21057): Implemented 58 device resources after synthesis - the final resource count might be different
    Info (21058): Implemented 8 input pins
    Info (21059): Implemented 28 output pins
    Info (21061): Implemented 22 logic cells
Info: Quartus Prime Analysis & Synthesis was successful. 0 errors, 16 warnings
    Info: Peak virtual memory: 4786 megabytes
    Info: Processing ended: Thu Oct 26 10:05:40 2023
    Info: Elapsed time: 00:00:11
    Info: Total CPU time (on all processors): 00:00:10


+------------------------------------------+
; Analysis & Synthesis Suppressed Messages ;
+------------------------------------------+
The suppressed messages can be found in C:/Users/akujo_2rtofyy/OneDrive - South Dakota State University - SDSU/#SDSU Courses/CSC 244 - Digital Logic/Digital-Logic-CSC244/Lab 7 - Multiplier ALU/L7 Multiplier/output_files/L7Multiplier.map.smsg.


