Analysis & Synthesis report for machineComparison
Wed Oct 11 17:34:40 2023
Quartus Prime Version 22.1std.1 Build 917 02/14/2023 SC Lite Edition


---------------------
; Table of Contents ;
---------------------
  1. Legal Notice
  2. Analysis & Synthesis Summary
  3. Analysis & Synthesis Settings
  4. Parallel Compilation
  5. Analysis & Synthesis Source Files Read
  6. Analysis & Synthesis Resource Usage Summary
  7. Analysis & Synthesis Resource Utilization by Entity
  8. State Machine - |machineComparison|sequenceDetectorMealy:module1|state_reg
  9. Registers Removed During Synthesis
 10. General Register Statistics
 11. Parameter Settings for User Entity Instance: sequenceDetectorMoore:module2
 12. Post-Synthesis Netlist Statistics for Top Partition
 13. Elapsed Time Per Partition
 14. Analysis & Synthesis Messages



----------------
; Legal Notice ;
----------------
Copyright (C) 2023  Intel Corporation. All rights reserved.
Your use of Intel Corporation's design tools, logic functions 
and other software and tools, and any partner logic 
functions, and any output files from any of the foregoing 
(including device programming or simulation files), and any 
associated documentation or information are expressly subject 
to the terms and conditions of the Intel Program License 
Subscription Agreement, the Intel Quartus Prime License Agreement,
the Intel FPGA IP License Agreement, or other applicable license
agreement, including, without limitation, that your use is for
the sole purpose of programming logic devices manufactured by
Intel and sold by Intel or its authorized distributors.  Please
refer to the applicable agreement for further details, at
https://fpgasoftware.intel.com/eula.



+-------------------------------------------------------------------------------------+
; Analysis & Synthesis Summary                                                        ;
+------------------------------------+------------------------------------------------+
; Analysis & Synthesis Status        ; Successful - Wed Oct 11 17:34:40 2023          ;
; Quartus Prime Version              ; 22.1std.1 Build 917 02/14/2023 SC Lite Edition ;
; Revision Name                      ; machineComparison                              ;
; Top-level Entity Name              ; machineComparison                              ;
; Family                             ; MAX 10                                         ;
; Total logic elements               ; 9                                              ;
;     Total combinational functions  ; 9                                              ;
;     Dedicated logic registers      ; 7                                              ;
; Total registers                    ; 7                                              ;
; Total pins                         ; 10                                             ;
; Total virtual pins                 ; 0                                              ;
; Total memory bits                  ; 0                                              ;
; Embedded Multiplier 9-bit elements ; 0                                              ;
; Total PLLs                         ; 0                                              ;
; UFM blocks                         ; 0                                              ;
; ADC blocks                         ; 0                                              ;
+------------------------------------+------------------------------------------------+


+------------------------------------------------------------------------------------------------------------+
; Analysis & Synthesis Settings                                                                              ;
+------------------------------------------------------------------+--------------------+--------------------+
; Option                                                           ; Setting            ; Default Value      ;
+------------------------------------------------------------------+--------------------+--------------------+
; Device                                                           ; 10M50DCF484C7G     ;                    ;
; Top-level entity name                                            ; machineComparison  ; machineComparison  ;
; Family name                                                      ; MAX 10             ; Cyclone V          ;
; Use smart compilation                                            ; Off                ; Off                ;
; Enable parallel Assembler and Timing Analyzer during compilation ; On                 ; On                 ;
; Enable compact report table                                      ; Off                ; Off                ;
; Restructure Multiplexers                                         ; Auto               ; Auto               ;
; Create Debugging Nodes for IP Cores                              ; Off                ; Off                ;
; Preserve fewer node names                                        ; On                 ; On                 ;
; Intel FPGA IP Evaluation Mode                                    ; Enable             ; Enable             ;
; Verilog Version                                                  ; Verilog_2001       ; Verilog_2001       ;
; VHDL Version                                                     ; VHDL_1993          ; VHDL_1993          ;
; State Machine Processing                                         ; Auto               ; Auto               ;
; Safe State Machine                                               ; Off                ; Off                ;
; Extract Verilog State Machines                                   ; On                 ; On                 ;
; Extract VHDL State Machines                                      ; On                 ; On                 ;
; Ignore Verilog initial constructs                                ; Off                ; Off                ;
; Iteration limit for constant Verilog loops                       ; 5000               ; 5000               ;
; Iteration limit for non-constant Verilog loops                   ; 250                ; 250                ;
; Add Pass-Through Logic to Inferred RAMs                          ; On                 ; On                 ;
; Infer RAMs from Raw Logic                                        ; On                 ; On                 ;
; Parallel Synthesis                                               ; On                 ; On                 ;
; DSP Block Balancing                                              ; Auto               ; Auto               ;
; NOT Gate Push-Back                                               ; On                 ; On                 ;
; Power-Up Don't Care                                              ; On                 ; On                 ;
; Remove Redundant Logic Cells                                     ; Off                ; Off                ;
; Remove Duplicate Registers                                       ; On                 ; On                 ;
; Ignore CARRY Buffers                                             ; Off                ; Off                ;
; Ignore CASCADE Buffers                                           ; Off                ; Off                ;
; Ignore GLOBAL Buffers                                            ; Off                ; Off                ;
; Ignore ROW GLOBAL Buffers                                        ; Off                ; Off                ;
; Ignore LCELL Buffers                                             ; Off                ; Off                ;
; Ignore SOFT Buffers                                              ; On                 ; On                 ;
; Limit AHDL Integers to 32 Bits                                   ; Off                ; Off                ;
; Optimization Technique                                           ; Balanced           ; Balanced           ;
; Carry Chain Length                                               ; 70                 ; 70                 ;
; Auto Carry Chains                                                ; On                 ; On                 ;
; Auto Open-Drain Pins                                             ; On                 ; On                 ;
; Perform WYSIWYG Primitive Resynthesis                            ; Off                ; Off                ;
; Auto ROM Replacement                                             ; On                 ; On                 ;
; Auto RAM Replacement                                             ; On                 ; On                 ;
; Auto DSP Block Replacement                                       ; On                 ; On                 ;
; Auto Shift Register Replacement                                  ; Auto               ; Auto               ;
; Allow Shift Register Merging across Hierarchies                  ; Auto               ; Auto               ;
; Auto Clock Enable Replacement                                    ; On                 ; On                 ;
; Strict RAM Replacement                                           ; Off                ; Off                ;
; Allow Synchronous Control Signals                                ; On                 ; On                 ;
; Force Use of Synchronous Clear Signals                           ; Off                ; Off                ;
; Auto RAM Block Balancing                                         ; On                 ; On                 ;
; Auto RAM to Logic Cell Conversion                                ; Off                ; Off                ;
; Auto Resource Sharing                                            ; Off                ; Off                ;
; Allow Any RAM Size For Recognition                               ; Off                ; Off                ;
; Allow Any ROM Size For Recognition                               ; Off                ; Off                ;
; Allow Any Shift Register Size For Recognition                    ; Off                ; Off                ;
; Use LogicLock Constraints during Resource Balancing              ; On                 ; On                 ;
; Ignore translate_off and synthesis_off directives                ; Off                ; Off                ;
; Timing-Driven Synthesis                                          ; On                 ; On                 ;
; Report Parameter Settings                                        ; On                 ; On                 ;
; Report Source Assignments                                        ; On                 ; On                 ;
; Report Connectivity Checks                                       ; On                 ; On                 ;
; Ignore Maximum Fan-Out Assignments                               ; Off                ; Off                ;
; Synchronization Register Chain Length                            ; 2                  ; 2                  ;
; Power Optimization During Synthesis                              ; Normal compilation ; Normal compilation ;
; HDL message level                                                ; Level2             ; Level2             ;
; Suppress Register Optimization Related Messages                  ; Off                ; Off                ;
; Number of Removed Registers Reported in Synthesis Report         ; 5000               ; 5000               ;
; Number of Swept Nodes Reported in Synthesis Report               ; 5000               ; 5000               ;
; Number of Inverted Registers Reported in Synthesis Report        ; 100                ; 100                ;
; Clock MUX Protection                                             ; On                 ; On                 ;
; Auto Gated Clock Conversion                                      ; Off                ; Off                ;
; Block Design Naming                                              ; Auto               ; Auto               ;
; SDC constraint protection                                        ; Off                ; Off                ;
; Synthesis Effort                                                 ; Auto               ; Auto               ;
; Shift Register Replacement - Allow Asynchronous Clear Signal     ; On                 ; On                 ;
; Pre-Mapping Resynthesis Optimization                             ; Off                ; Off                ;
; Analysis & Synthesis Message Level                               ; Medium             ; Medium             ;
; Disable Register Merging Across Hierarchies                      ; Auto               ; Auto               ;
; Resource Aware Inference For Block RAM                           ; On                 ; On                 ;
+------------------------------------------------------------------+--------------------+--------------------+


+------------------------------------------+
; Parallel Compilation                     ;
+----------------------------+-------------+
; Processors                 ; Number      ;
+----------------------------+-------------+
; Number detected on machine ; 12          ;
; Maximum allowed            ; 10          ;
;                            ;             ;
; Average used               ; 1.00        ;
; Maximum used               ; 10          ;
;                            ;             ;
; Usage by Processor         ; % Time Used ;
;     Processor 1            ; 100.0%      ;
;     Processors 2-10        ;   0.0%      ;
+----------------------------+-------------+


+------------------------------------------------------------------------------------------------------------------------------------------------------------------------------------------------------------------------------------------------------------------------------------------------+
; Analysis & Synthesis Source Files Read                                                                                                                                                                                                                                                         ;
+-----------------------------------------+-----------------+------------------------------+-------------------------------------------------------------------------------------------------------------------------------------------------------------------------------------------+---------+
; File Name with User-Entered Path        ; Used in Netlist ; File Type                    ; File Name with Absolute Path                                                                                                                                                              ; Library ;
+-----------------------------------------+-----------------+------------------------------+-------------------------------------------------------------------------------------------------------------------------------------------------------------------------------------------+---------+
; ../L5 SV Files/sequenceDetectorMoore.sv ; yes             ; User SystemVerilog HDL File  ; C:/Users/akujo_2rtofyy/OneDrive - South Dakota State University - SDSU/#SDSU Courses/CSC 244 - Digital Logic/Digital-Logic-CSC244/Lab 5 Seq Detector/L5 SV Files/sequenceDetectorMoore.sv ;         ;
; ../L5 SV Files/sequenceDetectorMealy.sv ; yes             ; User SystemVerilog HDL File  ; C:/Users/akujo_2rtofyy/OneDrive - South Dakota State University - SDSU/#SDSU Courses/CSC 244 - Digital Logic/Digital-Logic-CSC244/Lab 5 Seq Detector/L5 SV Files/sequenceDetectorMealy.sv ;         ;
; ../L5 SV Files/machineComparison.sv     ; yes             ; User SystemVerilog HDL File  ; C:/Users/akujo_2rtofyy/OneDrive - South Dakota State University - SDSU/#SDSU Courses/CSC 244 - Digital Logic/Digital-Logic-CSC244/Lab 5 Seq Detector/L5 SV Files/machineComparison.sv     ;         ;
+-----------------------------------------+-----------------+------------------------------+-------------------------------------------------------------------------------------------------------------------------------------------------------------------------------------------+---------+


+-------------------------------------------------------+
; Analysis & Synthesis Resource Usage Summary           ;
+---------------------------------------------+---------+
; Resource                                    ; Usage   ;
+---------------------------------------------+---------+
; Estimated Total logic elements              ; 9       ;
;                                             ;         ;
; Total combinational functions               ; 9       ;
; Logic element usage by number of LUT inputs ;         ;
;     -- 4 input functions                    ; 0       ;
;     -- 3 input functions                    ; 4       ;
;     -- <=2 input functions                  ; 5       ;
;                                             ;         ;
; Logic elements by mode                      ;         ;
;     -- normal mode                          ; 9       ;
;     -- arithmetic mode                      ; 0       ;
;                                             ;         ;
; Total registers                             ; 7       ;
;     -- Dedicated logic registers            ; 7       ;
;     -- I/O registers                        ; 0       ;
;                                             ;         ;
; I/O pins                                    ; 10      ;
;                                             ;         ;
; Embedded Multiplier 9-bit elements          ; 0       ;
;                                             ;         ;
; Maximum fan-out node                        ; A~input ;
; Maximum fan-out                             ; 7       ;
; Total fan-out                               ; 52      ;
; Average fan-out                             ; 1.44    ;
+---------------------------------------------+---------+


+-----------------------------------------------------------------------------------------------------------------------------------------------------------------------------------------------------------------------------------------------------------------------------------+
; Analysis & Synthesis Resource Utilization by Entity                                                                                                                                                                                                                               ;
+------------------------------------+---------------------+---------------------------+-------------+------------+--------------+---------+-----------+------+--------------+------------+--------------------------------------------------+-----------------------+--------------+
; Compilation Hierarchy Node         ; Combinational ALUTs ; Dedicated Logic Registers ; Memory Bits ; UFM Blocks ; DSP Elements ; DSP 9x9 ; DSP 18x18 ; Pins ; Virtual Pins ; ADC blocks ; Full Hierarchy Name                              ; Entity Name           ; Library Name ;
+------------------------------------+---------------------+---------------------------+-------------+------------+--------------+---------+-----------+------+--------------+------------+--------------------------------------------------+-----------------------+--------------+
; |machineComparison                 ; 9 (0)               ; 7 (0)                     ; 0           ; 0          ; 0            ; 0       ; 0         ; 10   ; 0            ; 0          ; |machineComparison                               ; machineComparison     ; work         ;
;    |sequenceDetectorMealy:module1| ; 6 (6)               ; 4 (4)                     ; 0           ; 0          ; 0            ; 0       ; 0         ; 0    ; 0            ; 0          ; |machineComparison|sequenceDetectorMealy:module1 ; sequenceDetectorMealy ; work         ;
;    |sequenceDetectorMoore:module2| ; 3 (3)               ; 3 (3)                     ; 0           ; 0          ; 0            ; 0       ; 0         ; 0    ; 0            ; 0          ; |machineComparison|sequenceDetectorMoore:module2 ; sequenceDetectorMoore ; work         ;
+------------------------------------+---------------------+---------------------------+-------------+------------+--------------+---------+-----------+------+--------------+------------+--------------------------------------------------+-----------------------+--------------+
Note: For table entries with two numbers listed, the numbers in parentheses indicate the number of resources of the given type used by the specific entity alone. The numbers listed outside of parentheses indicate the total resources of the given type used by the specific entity and all of its sub-entities in the hierarchy.


Encoding Type:  One-Hot
+----------------------------------------------------------------------------+
; State Machine - |machineComparison|sequenceDetectorMealy:module1|state_reg ;
+--------------+--------------+--------------+--------------+----------------+
; Name         ; state_reg.S3 ; state_reg.S2 ; state_reg.S1 ; state_reg.S0   ;
+--------------+--------------+--------------+--------------+----------------+
; state_reg.S0 ; 0            ; 0            ; 0            ; 0              ;
; state_reg.S1 ; 0            ; 0            ; 1            ; 1              ;
; state_reg.S2 ; 0            ; 1            ; 0            ; 1              ;
; state_reg.S3 ; 1            ; 0            ; 0            ; 1              ;
+--------------+--------------+--------------+--------------+----------------+


+----------------------------------------------------------------+
; Registers Removed During Synthesis                             ;
+-------------------------------------------+--------------------+
; Register name                             ; Reason for Removal ;
+-------------------------------------------+--------------------+
; sequenceDetectorMealy:module1|state_reg~5 ; Lost fanout        ;
; sequenceDetectorMealy:module1|state_reg~6 ; Lost fanout        ;
; Total Number of Removed Registers = 2     ;                    ;
+-------------------------------------------+--------------------+


+------------------------------------------------------+
; General Register Statistics                          ;
+----------------------------------------------+-------+
; Statistic                                    ; Value ;
+----------------------------------------------+-------+
; Total registers                              ; 7     ;
; Number of registers using Synchronous Clear  ; 0     ;
; Number of registers using Synchronous Load   ; 0     ;
; Number of registers using Asynchronous Clear ; 0     ;
; Number of registers using Asynchronous Load  ; 0     ;
; Number of registers using Clock Enable       ; 0     ;
; Number of registers using Preset             ; 0     ;
+----------------------------------------------+-------+


+----------------------------------------------------------------------------+
; Parameter Settings for User Entity Instance: sequenceDetectorMoore:module2 ;
+----------------+-------+---------------------------------------------------+
; Parameter Name ; Value ; Type                                              ;
+----------------+-------+---------------------------------------------------+
; INIT_STATE     ; 0000  ; Unsigned Binary                                   ;
; FINAL_STATE    ; 0100  ; Unsigned Binary                                   ;
; SEQ            ; 10    ; Unsigned Binary                                   ;
+----------------+-------+---------------------------------------------------+
Note: In order to hide this table in the UI and the text report file, please set the "Show Parameter Settings in Synthesis Report" option in "Analysis and Synthesis Settings -> More Settings" to "Off".


+-----------------------------------------------------+
; Post-Synthesis Netlist Statistics for Top Partition ;
+-----------------------+-----------------------------+
; Type                  ; Count                       ;
+-----------------------+-----------------------------+
; boundary_port         ; 10                          ;
; cycloneiii_ff         ; 7                           ;
;     plain             ; 7                           ;
; cycloneiii_lcell_comb ; 12                          ;
;     normal            ; 12                          ;
;         0 data inputs ; 1                           ;
;         1 data inputs ; 2                           ;
;         2 data inputs ; 5                           ;
;         3 data inputs ; 4                           ;
;                       ;                             ;
; Max LUT depth         ; 2.00                        ;
; Average LUT depth     ; 1.19                        ;
+-----------------------+-----------------------------+


+-------------------------------+
; Elapsed Time Per Partition    ;
+----------------+--------------+
; Partition Name ; Elapsed Time ;
+----------------+--------------+
; Top            ; 00:00:00     ;
+----------------+--------------+


+-------------------------------+
; Analysis & Synthesis Messages ;
+-------------------------------+
Info: *******************************************************************
Info: Running Quartus Prime Analysis & Synthesis
    Info: Version 22.1std.1 Build 917 02/14/2023 SC Lite Edition
    Info: Processing started: Wed Oct 11 17:34:33 2023
Info: Command: quartus_map --read_settings_files=on --write_settings_files=off machineComparison -c machineComparison
Warning (18236): Number of processors has not been specified which may cause overloading on shared machines.  Set the global assignment NUM_PARALLEL_PROCESSORS in your QSF to an appropriate value for best performance.
Info (20030): Parallel compilation is enabled and will use 10 of the 10 processors detected
Warning (10229): Verilog HDL Expression warning at sequenceDetectorMoore.sv(22): truncated literal to match 2 bits File: C:/Users/akujo_2rtofyy/OneDrive - South Dakota State University - SDSU/#SDSU Courses/CSC 244 - Digital Logic/Digital-Logic-CSC244/Lab 5 Seq Detector/L5 SV Files/sequenceDetectorMoore.sv Line: 22
Warning (10229): Verilog HDL Expression warning at sequenceDetectorMoore.sv(74): truncated literal to match 2 bits File: C:/Users/akujo_2rtofyy/OneDrive - South Dakota State University - SDSU/#SDSU Courses/CSC 244 - Digital Logic/Digital-Logic-CSC244/Lab 5 Seq Detector/L5 SV Files/sequenceDetectorMoore.sv Line: 74
Info (12021): Found 1 design units, including 1 entities, in source file /users/akujo_2rtofyy/onedrive - south dakota state university - sdsu/#sdsu courses/csc 244 - digital logic/digital-logic-csc244/lab 5 seq detector/l5 sv files/sequencedetectormoore.sv
    Info (12023): Found entity 1: sequenceDetectorMoore File: C:/Users/akujo_2rtofyy/OneDrive - South Dakota State University - SDSU/#SDSU Courses/CSC 244 - Digital Logic/Digital-Logic-CSC244/Lab 5 Seq Detector/L5 SV Files/sequenceDetectorMoore.sv Line: 2
Info (12021): Found 1 design units, including 1 entities, in source file /users/akujo_2rtofyy/onedrive - south dakota state university - sdsu/#sdsu courses/csc 244 - digital logic/digital-logic-csc244/lab 5 seq detector/l5 sv files/sequencedetectormealy.sv
    Info (12023): Found entity 1: sequenceDetectorMealy File: C:/Users/akujo_2rtofyy/OneDrive - South Dakota State University - SDSU/#SDSU Courses/CSC 244 - Digital Logic/Digital-Logic-CSC244/Lab 5 Seq Detector/L5 SV Files/sequenceDetectorMealy.sv Line: 1
Info (12021): Found 1 design units, including 1 entities, in source file /users/akujo_2rtofyy/onedrive - south dakota state university - sdsu/#sdsu courses/csc 244 - digital logic/digital-logic-csc244/lab 5 seq detector/l5 sv files/machinecomparison.sv
    Info (12023): Found entity 1: machineComparison File: C:/Users/akujo_2rtofyy/OneDrive - South Dakota State University - SDSU/#SDSU Courses/CSC 244 - Digital Logic/Digital-Logic-CSC244/Lab 5 Seq Detector/L5 SV Files/machineComparison.sv Line: 4
Warning (10236): Verilog HDL Implicit Net warning at machineComparison.sv(17): created implicit net for "reset" File: C:/Users/akujo_2rtofyy/OneDrive - South Dakota State University - SDSU/#SDSU Courses/CSC 244 - Digital Logic/Digital-Logic-CSC244/Lab 5 Seq Detector/L5 SV Files/machineComparison.sv Line: 17
Info (12127): Elaborating entity "machineComparison" for the top level hierarchy
Info (12128): Elaborating entity "sequenceDetectorMealy" for hierarchy "sequenceDetectorMealy:module1" File: C:/Users/akujo_2rtofyy/OneDrive - South Dakota State University - SDSU/#SDSU Courses/CSC 244 - Digital Logic/Digital-Logic-CSC244/Lab 5 Seq Detector/L5 SV Files/machineComparison.sv Line: 21
Info (12128): Elaborating entity "sequenceDetectorMoore" for hierarchy "sequenceDetectorMoore:module2" File: C:/Users/akujo_2rtofyy/OneDrive - South Dakota State University - SDSU/#SDSU Courses/CSC 244 - Digital Logic/Digital-Logic-CSC244/Lab 5 Seq Detector/L5 SV Files/machineComparison.sv Line: 29
Warning (10230): Verilog HDL assignment warning at sequenceDetectorMoore.sv(32): truncated value with size 4 to match size of target (2) File: C:/Users/akujo_2rtofyy/OneDrive - South Dakota State University - SDSU/#SDSU Courses/CSC 244 - Digital Logic/Digital-Logic-CSC244/Lab 5 Seq Detector/L5 SV Files/sequenceDetectorMoore.sv Line: 32
Warning (10230): Verilog HDL assignment warning at sequenceDetectorMoore.sv(38): truncated value with size 4 to match size of target (2) File: C:/Users/akujo_2rtofyy/OneDrive - South Dakota State University - SDSU/#SDSU Courses/CSC 244 - Digital Logic/Digital-Logic-CSC244/Lab 5 Seq Detector/L5 SV Files/sequenceDetectorMoore.sv Line: 38
Warning (10230): Verilog HDL assignment warning at sequenceDetectorMoore.sv(41): truncated value with size 4 to match size of target (2) File: C:/Users/akujo_2rtofyy/OneDrive - South Dakota State University - SDSU/#SDSU Courses/CSC 244 - Digital Logic/Digital-Logic-CSC244/Lab 5 Seq Detector/L5 SV Files/sequenceDetectorMoore.sv Line: 41
Warning (10230): Verilog HDL assignment warning at sequenceDetectorMoore.sv(47): truncated value with size 4 to match size of target (2) File: C:/Users/akujo_2rtofyy/OneDrive - South Dakota State University - SDSU/#SDSU Courses/CSC 244 - Digital Logic/Digital-Logic-CSC244/Lab 5 Seq Detector/L5 SV Files/sequenceDetectorMoore.sv Line: 47
Warning (10230): Verilog HDL assignment warning at sequenceDetectorMoore.sv(50): truncated value with size 4 to match size of target (2) File: C:/Users/akujo_2rtofyy/OneDrive - South Dakota State University - SDSU/#SDSU Courses/CSC 244 - Digital Logic/Digital-Logic-CSC244/Lab 5 Seq Detector/L5 SV Files/sequenceDetectorMoore.sv Line: 50
Warning (10230): Verilog HDL assignment warning at sequenceDetectorMoore.sv(56): truncated value with size 4 to match size of target (2) File: C:/Users/akujo_2rtofyy/OneDrive - South Dakota State University - SDSU/#SDSU Courses/CSC 244 - Digital Logic/Digital-Logic-CSC244/Lab 5 Seq Detector/L5 SV Files/sequenceDetectorMoore.sv Line: 56
Warning (10230): Verilog HDL assignment warning at sequenceDetectorMoore.sv(59): truncated value with size 4 to match size of target (2) File: C:/Users/akujo_2rtofyy/OneDrive - South Dakota State University - SDSU/#SDSU Courses/CSC 244 - Digital Logic/Digital-Logic-CSC244/Lab 5 Seq Detector/L5 SV Files/sequenceDetectorMoore.sv Line: 59
Warning (10230): Verilog HDL assignment warning at sequenceDetectorMoore.sv(65): truncated value with size 4 to match size of target (2) File: C:/Users/akujo_2rtofyy/OneDrive - South Dakota State University - SDSU/#SDSU Courses/CSC 244 - Digital Logic/Digital-Logic-CSC244/Lab 5 Seq Detector/L5 SV Files/sequenceDetectorMoore.sv Line: 65
Warning (10230): Verilog HDL assignment warning at sequenceDetectorMoore.sv(68): truncated value with size 4 to match size of target (2) File: C:/Users/akujo_2rtofyy/OneDrive - South Dakota State University - SDSU/#SDSU Courses/CSC 244 - Digital Logic/Digital-Logic-CSC244/Lab 5 Seq Detector/L5 SV Files/sequenceDetectorMoore.sv Line: 68
Warning (10199): Verilog HDL Case Statement warning at sequenceDetectorMoore.sv(72): case item expression never matches the case expression File: C:/Users/akujo_2rtofyy/OneDrive - South Dakota State University - SDSU/#SDSU Courses/CSC 244 - Digital Logic/Digital-Logic-CSC244/Lab 5 Seq Detector/L5 SV Files/sequenceDetectorMoore.sv Line: 72
Warning (12011): Net is missing source, defaulting to GND
    Warning (12110): Net "reset" is missing source, defaulting to GND File: C:/Users/akujo_2rtofyy/OneDrive - South Dakota State University - SDSU/#SDSU Courses/CSC 244 - Digital Logic/Digital-Logic-CSC244/Lab 5 Seq Detector/L5 SV Files/machineComparison.sv Line: 17
Warning (13024): Output pins are stuck at VCC or GND
    Warning (13410): Pin "S_moore[2]" is stuck at GND File: C:/Users/akujo_2rtofyy/OneDrive - South Dakota State University - SDSU/#SDSU Courses/CSC 244 - Digital Logic/Digital-Logic-CSC244/Lab 5 Seq Detector/L5 SV Files/machineComparison.sv Line: 10
Info (286030): Timing-Driven Synthesis is running
Info (17049): 2 registers lost all their fanouts during netlist optimizations.
Info (16010): Generating hard_block partition "hard_block:auto_generated_inst"
    Info (16011): Adding 0 node(s), including 0 DDIO, 0 PLL, 0 transceiver and 0 LCELL
Warning (21074): Design contains 1 input pin(s) that do not drive logic
    Warning (15610): No output dependent on input pin "Clock50M" File: C:/Users/akujo_2rtofyy/OneDrive - South Dakota State University - SDSU/#SDSU Courses/CSC 244 - Digital Logic/Digital-Logic-CSC244/Lab 5 Seq Detector/L5 SV Files/machineComparison.sv Line: 6
Info (21057): Implemented 19 device resources after synthesis - the final resource count might be different
    Info (21058): Implemented 3 input pins
    Info (21059): Implemented 7 output pins
    Info (21061): Implemented 9 logic cells
Info: Quartus Prime Analysis & Synthesis was successful. 0 errors, 20 warnings
    Info: Peak virtual memory: 4818 megabytes
    Info: Processing ended: Wed Oct 11 17:34:40 2023
    Info: Elapsed time: 00:00:07
    Info: Total CPU time (on all processors): 00:00:04


